#
# A fatal error has been detected by the Java Runtime Environment:
#
#  SIGSEGV (0xb) at pc=0x00007f7fd10697ba, pid=10721, tid=0x00007f7fb8108700
#
# JRE version: OpenJDK Runtime Environment (8.0_121-b13) (build 1.8.0_121-8u121-b13-4-b13)
# Java VM: OpenJDK 64-Bit Server VM (25.121-b13 mixed mode linux-amd64 compressed oops)
# Problematic frame:
# v  ~BufferBlob::jni_fast_GetLongField
#
# Failed to write core dump. Core dumps have been disabled. To enable core dumping, try "ulimit -c unlimited" before starting Java again
#
# If you would like to submit a bug report, please visit:
#   http://bugreport.java.com/bugreport/crash.jsp
# The crash happened outside the Java Virtual Machine in native code.
# See problematic frame for where to report the bug.
#

---------------  T H R E A D  ---------------

Current thread (0x00007f7fe0302800):  JavaThread "AWT-XAWT" daemon [_thread_in_native, id=10741, stack(0x00007f7fb8008000,0x00007f7fb8109000)]

siginfo: si_signo: 11 (SIGSEGV), si_code: 1 (SEGV_MAPERR), si_addr: 0x0000000000000000

Registers:
RAX=0x00007f7fe7532fe0, RBX=0x00007f7fe03029e0, RCX=0x0000000000000000, RDX=0x0000000000000042
RSP=0x00007f7fb8107708, RBP=0x00007f7fb8107730, RSI=0x0000000000000000, RDI=0x00007f7fe03029e0
R8 =0x00000000d9302c48, R9 =0x0000000000000000, R10=0x0000000000000056, R11=0x00007f7fb9c5f820
R12=0x00007f7f7801bbd0, R13=0x0000000000000000, R14=0x00007f7fba3beb00, R15=0x00007f7fe0302800
RIP=0x00007f7fd10697ba, EFLAGS=0x0000000000010246, CSGSFS=0x002b000000000033, ERR=0x0000000000000004
  TRAPNO=0x000000000000000e

Top of Stack: (sp=0x00007f7fb8107708)
0x00007f7fb8107708:   00007f7fba19cdc4 00007f7f70bd7e80
0x00007f7fb8107718:   00007f7f7801bbd0 00000000d9365448
0x00007f7fb8107728:   00007f7fb81077b0 0000000000000000
0x00007f7fb8107738:   00007f7fb9c5f890 00007f7f70bd7e80
0x00007f7fb8107748:   00007f7fb8107770 0000000000000000
0x00007f7fb8107758:   00007f7fb9c573b3 00000000d9365448
0x00007f7fb8107768:   00007f7fba194b8f 00007f7fb81077c0
0x00007f7fb8107778:   00007f7fd13999f6 00000000d9364ef8
0x00007f7fb8107788:   00007f7fd0779fe8 00000000d9316108
0x00007f7fb8107798:   00000000d9365410 0000000000400002
0x00007f7fb81077a8:   0000000000000011 0000000084c00268
0x00007f7fb81077b8:   0000000000000000 00007f7fb8107a00
0x00007f7fb81077c8:   00007f7fd142b57c 0000000000000059
0x00007f7fb81077d8:   00007f7fd0779fe8 00007f7f9c000a30
0x00007f7fb81077e8:   00007f7f90000020 0000000000000040
0x00007f7fb81077f8:   0000000000000000 0000000000000004
0x00007f7fb8107808:   00007f7fb81078b0 0000000000000040
0x00007f7fb8107818:   00007f7fe75f6d84 00007f7fd0779fe8
0x00007f7fb8107828:   0000000000000040 00007f7fb8107870
0x00007f7fb8107838:   376dedaf87c89c00 00007f7fb8107930
0x00007f7fb8107848:   0000000000000008 00007f7fb8107880
0x00007f7fb8107858:   0000000000000008 00007f7fb81078b0
0x00007f7fb8107868:   0000000000000040 00007f7fb8107910
0x00007f7fb8107878:   00007f7fe6fa967d 00007f7fb8107930
0x00007f7fb8107888:   00000000d10208d8 00007f7fd1005310
0x00007f7fb8107898:   00000000d93651e0 00000000d930efb8
0x00007f7fb81078a8:   00000000d93651e0 0000000000000000
0x00007f7fb81078b8:   00000000d930efb8 00000000d930efb8
0x00007f7fb81078c8:   00000000d93651e0 00000000d93651e0
0x00007f7fb81078d8:   00000000d930efb8 0000000000000000
0x00007f7fb81078e8:   0000000084c00200 0000000084c00218
0x00007f7fb81078f8:   00000000d93083f0 00007f7f90000e30 

Instructions: (pc=0x00007f7fd10697ba)
0x00007f7fd106979a:   00 00 00 00 00 00 44 8b 15 8d 63 4f 16 4c 8b ce
0x00007f7fd10697aa:   41 f6 c2 01 0f 85 2e 00 00 00 4d 33 ca 4d 33 ca
0x00007f7fd10697ba:   4d 8b 09 4c 8b da 49 c1 eb 02 4b 8b 04 19 49 bb
0x00007f7fd10697ca:   34 fb 55 e7 7f 7f 00 00 4c 33 d8 4c 33 d8 45 3b 

Register to memory mapping:

RAX=0x00007f7fe7532fe0: <offset 0xef7fe0> in /usr/lib/jvm/java-8-openjdk-amd64/jre/lib/amd64/server/libjvm.so at 0x00007f7fe663b000
RBX=0x00007f7fe03029e0 is an unknown value
RCX=0x0000000000000000 is an unknown value
RDX=0x0000000000000042 is an unknown value
RSP=0x00007f7fb8107708 is pointing into the stack for thread: 0x00007f7fe0302800
RBP=0x00007f7fb8107730 is pointing into the stack for thread: 0x00007f7fe0302800
RSI=0x0000000000000000 is an unknown value
RDI=0x00007f7fe03029e0 is an unknown value
R8 =0x00000000d9302c48 is an oop
sun.util.logging.PlatformLogger$Level 
 - klass: 'sun/util/logging/PlatformLogger$Level'
R9 =0x0000000000000000 is an unknown value
R10=0x0000000000000056 is an unknown value
R11=0x00007f7fb9c5f820: _XimServerDestroy+0 in /usr/lib/x86_64-linux-gnu/libX11.so.6 at 0x00007f7fb9bf6000
R12=0x00007f7f7801bbd0 is an unknown value
R13=0x0000000000000000 is an unknown value
R14=0x00007f7fba3beb00: <offset 0x257b00> in /usr/lib/jvm/java-8-openjdk-amd64/jre/lib/amd64/libawt_xawt.so at 0x00007f7fba167000
R15=0x00007f7fe0302800 is a thread


Stack: [0x00007f7fb8008000,0x00007f7fb8109000],  sp=0x00007f7fb8107708,  free space=1021k
Native frames: (J=compiled Java code, j=interpreted, Vv=VM code, C=native code)
v  ~BufferBlob::jni_fast_GetLongField
C  [libX11.so.6+0x69890]  _XimServerDestroy+0x70

Java frames: (J=compiled Java code, j=interpreted, Vv=VM code)
J 935  sun.awt.X11.XlibWrapper.XFilterEvent(JJ)Z (0 bytes) @ 0x00007f7fd1399984 [0x00007f7fd1399940+0x44]
J 1032% C1 sun.awt.X11.XToolkit.run(Z)V (410 bytes) @ 0x00007f7fd142b57c [0x00007f7fd1427de0+0x379c]
j  sun.awt.X11.XToolkit.run()V+5
j  java.lang.Thread.run()V+11
v  ~StubRoutines::call_stub

---------------  P R O C E S S  ---------------

Java Threads: ( => current thread )
  0x00007f7fe000a000 JavaThread "DestroyJavaVM" [_thread_blocked, id=10726, stack(0x00007f7fe8262000,0x00007f7fe8363000)]
  0x00007f7f7c002800 JavaThread "Thread-1" daemon [_thread_in_native, id=10744, stack(0x00007f7f80b82000,0x00007f7f81383000)]
  0x00007f7fe048f000 JavaThread "Timer-0" [_thread_blocked, id=10747, stack(0x00007f7f8047f000,0x00007f7f80580000)]
=>0x00007f7fe0302800 JavaThread "AWT-XAWT" daemon [_thread_in_native, id=10741, stack(0x00007f7fb8008000,0x00007f7fb8109000)]
  0x00007f7fe02e1800 JavaThread "Java2D Disposer" daemon [_thread_blocked, id=10740, stack(0x00007f7fb851a000,0x00007f7fb861b000)]
  0x00007f7fe00c1000 JavaThread "Service Thread" daemon [_thread_blocked, id=10738, stack(0x00007f7fba79c000,0x00007f7fba89d000)]
  0x00007f7fe00b1800 JavaThread "C1 CompilerThread2" daemon [_thread_blocked, id=10737, stack(0x00007f7fba89d000,0x00007f7fba99e000)]
  0x00007f7fe00af800 JavaThread "C2 CompilerThread1" daemon [_thread_blocked, id=10736, stack(0x00007f7fba99e000,0x00007f7fbaa9f000)]
  0x00007f7fe00ad000 JavaThread "C2 CompilerThread0" daemon [_thread_blocked, id=10735, stack(0x00007f7fbaa9f000,0x00007f7fbaba0000)]
  0x00007f7fe00aa800 JavaThread "Signal Dispatcher" daemon [_thread_blocked, id=10734, stack(0x00007f7fbaba0000,0x00007f7fbaca1000)]
  0x00007f7fe0083800 JavaThread "Finalizer" daemon [_thread_blocked, id=10733, stack(0x00007f7fbaff0000,0x00007f7fbb0f1000)]
  0x00007f7fe007f000 JavaThread "Reference Handler" daemon [_thread_blocked, id=10732, stack(0x00007f7fbb0f1000,0x00007f7fbb1f2000)]

Other Threads:
  0x00007f7fe0077800 VMThread [stack: 0x00007f7fbb1f2000,0x00007f7fbb2f3000] [id=10731]
  0x00007f7fe00c3800 WatcherThread [stack: 0x00007f7fba69b000,0x00007f7fba79c000] [id=10739]

VM state:not at safepoint (normal execution)

VM Mutex/Monitor currently owned by a thread: None

Heap:
 PSYoungGen      total 36864K, used 28330K [0x00000000d6f00000, 0x00000000d9800000, 0x0000000100000000)
  eden space 31744K, 80% used [0x00000000d6f00000,0x00000000d8813a08,0x00000000d8e00000)
  from space 5120K, 51% used [0x00000000d9300000,0x00000000d9596e20,0x00000000d9800000)
  to   space 5120K, 0% used [0x00000000d8e00000,0x00000000d8e00000,0x00000000d9300000)
 ParOldGen       total 84992K, used 24K [0x0000000084c00000, 0x0000000089f00000, 0x00000000d6f00000)
  object space 84992K, 0% used [0x0000000084c00000,0x0000000084c06000,0x0000000089f00000)
 Metaspace       used 17024K, capacity 17274K, committed 17536K, reserved 1064960K
  class space    used 2043K, capacity 2149K, committed 2176K, reserved 1048576K

Card table byte_map: [0x00007f7fe4574000,0x00007f7fe494f000] byte_map_base: 0x00007f7fe414e000

Marking Bits: (ParMarkBitMap*) 0x00007f7fe755f220
 Begin Bits: [0x00007f7fc0260000, 0x00007f7fc2130000)
 End Bits:   [0x00007f7fc2130000, 0x00007f7fc4000000)

Polling page: 0x00007f7fe8383000

CodeCache: size=245760Kb used=4346Kb max_used=4356Kb free=241413Kb
 bounds [0x00007f7fd1000000, 0x00007f7fd1450000, 0x00007f7fe0000000]
 total_blobs=1657 nmethods=1040 adapters=532
 compilation: enabled

Compilation events (10 events):
Event: 24778.278 Thread 0x00007f7fe00b1800 1036       2       java.text.DateFormat::format (19 bytes)
Event: 24778.279 Thread 0x00007f7fe00b1800 nmethod 1036 0x00007f7fd1414b90 code [0x00007f7fd1414d20, 0x00007f7fd1414fb8]
Event: 24778.279 Thread 0x00007f7fe00af800 nmethod 1037 0x00007f7fd13f9510 code [0x00007f7fd13f9660, 0x00007f7fd13f9728]
Event: 24778.284 Thread 0x00007f7fe00ad000 nmethod 1035 0x00007f7fd141a790 code [0x00007f7fd141a920, 0x00007f7fd141ad18]
Event: 25546.349 Thread 0x00007f7fe00af800 1038       4       sun.util.locale.provider.CalendarProviderImpl::getInstance (25 bytes)
Event: 25546.354 Thread 0x00007f7fe00af800 nmethod 1038 0x00007f7fd1414710 code [0x00007f7fd1414880, 0x00007f7fd1414a08]
Event: 25674.360 Thread 0x00007f7fe00af800 1040       4       java.text.SimpleDateFormat::initializeCalendar (37 bytes)
Event: 25674.360 Thread 0x00007f7fe00ad000 1039       4       java.text.SimpleDateFormat::<init> (70 bytes)
Event: 25674.374 Thread 0x00007f7fe00af800 nmethod 1040 0x00007f7fd143fb10 code [0x00007f7fd143fd40, 0x00007f7fd1440610]
Event: 25674.398 Thread 0x00007f7fe00ad000 nmethod 1039 0x00007f7fd1440fd0 code [0x00007f7fd14413c0, 0x00007f7fd1442ee0]

GC Heap History (4 events):
Event: 4663.006 GC heap before
{Heap before GC invocations=1 (full 0):
 PSYoungGen      total 36864K, used 31744K [0x00000000d6f00000, 0x00000000d9800000, 0x0000000100000000)
  eden space 31744K, 100% used [0x00000000d6f00000,0x00000000d8e00000,0x00000000d8e00000)
  from space 5120K, 0% used [0x00000000d9300000,0x00000000d9300000,0x00000000d9800000)
  to   space 5120K, 0% used [0x00000000d8e00000,0x00000000d8e00000,0x00000000d9300000)
 ParOldGen       total 84992K, used 0K [0x0000000084c00000, 0x0000000089f00000, 0x00000000d6f00000)
  object space 84992K, 0% used [0x0000000084c00000,0x0000000084c00000,0x0000000089f00000)
 Metaspace       used 16998K, capacity 17274K, committed 17536K, reserved 1064960K
  class space    used 2042K, capacity 2149K, committed 2176K, reserved 1048576K
Event: 4663.014 GC heap after
Heap after GC invocations=1 (full 0):
 PSYoungGen      total 36864K, used 4602K [0x00000000d6f00000, 0x00000000d9800000, 0x0000000100000000)
  eden space 31744K, 0% used [0x00000000d6f00000,0x00000000d6f00000,0x00000000d8e00000)
  from space 5120K, 89% used [0x00000000d8e00000,0x00000000d927e958,0x00000000d9300000)
  to   space 5120K, 0% used [0x00000000d9300000,0x00000000d9300000,0x00000000d9800000)
 ParOldGen       total 84992K, used 16K [0x0000000084c00000, 0x0000000089f00000, 0x00000000d6f00000)
  object space 84992K, 0% used [0x0000000084c00000,0x0000000084c04000,0x0000000089f00000)
 Metaspace       used 16998K, capacity 17274K, committed 17536K, reserved 1064960K
  class space    used 2042K, capacity 2149K, committed 2176K, reserved 1048576K
}
Event: 17531.447 GC heap before
{Heap before GC invocations=2 (full 0):
 PSYoungGen      total 36864K, used 36346K [0x00000000d6f00000, 0x00000000d9800000, 0x0000000100000000)
  eden space 31744K, 100% used [0x00000000d6f00000,0x00000000d8e00000,0x00000000d8e00000)
  from space 5120K, 89% used [0x00000000d8e00000,0x00000000d927e958,0x00000000d9300000)
  to   space 5120K, 0% used [0x00000000d9300000,0x00000000d9300000,0x00000000d9800000)
 ParOldGen       total 84992K, used 16K [0x0000000084c00000, 0x0000000089f00000, 0x00000000d6f00000)
  object space 84992K, 0% used [0x0000000084c00000,0x0000000084c04000,0x0000000089f00000)
 Metaspace       used 17017K, capacity 17274K, committed 17536K, reserved 1064960K
  class space    used 2043K, capacity 2149K, committed 2176K, reserved 1048576K
Event: 17531.457 GC heap after
Heap after GC invocations=2 (full 0):
 PSYoungGen      total 36864K, used 2651K [0x00000000d6f00000, 0x00000000d9800000, 0x0000000100000000)
  eden space 31744K, 0% used [0x00000000d6f00000,0x00000000d6f00000,0x00000000d8e00000)
  from space 5120K, 51% used [0x00000000d9300000,0x00000000d9596e20,0x00000000d9800000)
  to   space 5120K, 0% used [0x00000000d8e00000,0x00000000d8e00000,0x00000000d9300000)
 ParOldGen       total 84992K, used 24K [0x0000000084c00000, 0x0000000089f00000, 0x00000000d6f00000)
  object space 84992K, 0% used [0x0000000084c00000,0x0000000084c06000,0x0000000089f00000)
 Metaspace       used 17017K, capacity 17274K, committed 17536K, reserved 1064960K
  class space    used 2043K, capacity 2149K, committed 2176K, reserved 1048576K
}

Deoptimization events (2 events):
Event: 4663.014 Thread 0x00007f7fe048f000 Uncommon trap: reason=unstable_if action=reinterpret pc=0x00007f7fd13eb534 method=java.lang.ref.SoftReference.get()Ljava/lang/Object; @ 17
Event: 24650.263 Thread 0x00007f7fe048f000 Uncommon trap: reason=unstable_if action=reinterpret pc=0x00007f7fd140dc08 method=javax.swing.JLabel.setText(Ljava/lang/String;)V @ 95

Internal exceptions (10 events):
Event: 0.105 Thread 0x00007f7fe000a000 Exception <a 'java/lang/NoSuchFieldError': method resolution failed> (0x00000000d7128d10) thrown at [/build/openjdk-8-qFl9Ji/openjdk-8-8u121-b13/src/hotspot/src/share/vm/prims/methodHandles.cpp, line 1146]
Event: 0.122 Thread 0x00007f7fe000a000 Exception <a 'java/io/FileNotFoundException'> (0x00000000d71a67f0) thrown at [/build/openjdk-8-qFl9Ji/openjdk-8-8u121-b13/src/hotspot/src/share/vm/prims/jni.cpp, line 709]
Event: 0.134 Thread 0x00007f7fe000a000 Exception <a 'java/lang/ClassNotFoundException': sun/dc/DuctusRenderingEngine> (0x00000000d71c13f0) thrown at [/build/openjdk-8-qFl9Ji/openjdk-8-8u121-b13/src/hotspot/src/share/vm/classfile/systemDictionary.cpp, line 210]
Event: 0.552 Thread 0x00007f7fe000a000 Exception <a 'java/net/ConnectException'> (0x00000000d7f1d9a8) thrown at [/build/openjdk-8-qFl9Ji/openjdk-8-8u121-b13/src/hotspot/src/share/vm/prims/jni.cpp, line 709]
Event: 0.678 Thread 0x00007f7fe0399800 Exception <a 'java/lang/UnsupportedOperationException': > (0x00000000d74c36d0) thrown at [/build/openjdk-8-qFl9Ji/openjdk-8-8u121-b13/src/hotspot/src/share/vm/prims/jni.cpp, line 735]
Event: 1.715 Thread 0x00007f7fe000a000 Exception <a 'java/lang/ArrayIndexOutOfBoundsException': 18> (0x00000000d82980d8) thrown at [/build/openjdk-8-qFl9Ji/openjdk-8-8u121-b13/src/hotspot/src/share/vm/interpreter/interpreterRuntime.cpp, line 366]
Event: 1.715 Thread 0x00007f7fe000a000 Exception <a 'java/lang/ArrayIndexOutOfBoundsException': 78> (0x00000000d8299188) thrown at [/build/openjdk-8-qFl9Ji/openjdk-8-8u121-b13/src/hotspot/src/share/vm/interpreter/interpreterRuntime.cpp, line 366]
Event: 1.716 Thread 0x00007f7fe000a000 Exception <a 'java/lang/ArrayIndexOutOfBoundsException': 139> (0x00000000d829b020) thrown at [/build/openjdk-8-qFl9Ji/openjdk-8-8u121-b13/src/hotspot/src/share/vm/interpreter/interpreterRuntime.cpp, line 366]
Event: 1.716 Thread 0x00007f7fe000a000 Exception <a 'java/lang/ArrayIndexOutOfBoundsException'> (0x00000000d829bd50) thrown at [/build/openjdk-8-qFl9Ji/openjdk-8-8u121-b13/src/hotspot/src/share/vm/runtime/sharedRuntime.cpp, line 605]
Event: 1.719 Thread 0x00007f7fe000a000 Exception <a 'java/lang/NullPointerException'> (0x00000000d82b26c0) thrown at [/build/openjdk-8-qFl9Ji/openjdk-8-8u121-b13/src/hotspot/src/share/vm/interpreter/linkResolver.cpp, line 1178]

Events (10 events):
Event: 4663.014 Thread 0x00007f7fe048f000 DEOPT UNPACKING pc=0x00007f7fd1004f69 sp=0x00007f7f8057e5b0 mode 2
Event: 4663.014 loading class sun/awt/X11/XErrorEvent
Event: 4663.015 loading class sun/awt/X11/XErrorEvent done
Event: 13794.947 loading class java/util/Vector$1
Event: 13794.947 loading class java/util/Vector$1 done
Event: 17531.447 Executing VM operation: ParallelGCFailedAllocation
Event: 17531.457 Executing VM operation: ParallelGCFailedAllocation done
Event: 24650.263 Thread 0x00007f7fe048f000 Uncommon trap: trap_request=0xffffff65 fr.pc=0x00007f7fd140dc08
Event: 24650.263 Thread 0x00007f7fe048f000 DEOPT PACKING pc=0x00007f7fd140dc08 sp=0x00007f7f8057e890
Event: 24650.263 Thread 0x00007f7fe048f000 DEOPT UNPACKING pc=0x00007f7fd1004f69 sp=0x00007f7f8057e838 mode 2


Dynamic libraries:
84c00000-89f00000 rw-p 00000000 00:00 0 
89f00000-d6f00000 ---p 00000000 00:00 0 
d6f00000-d9800000 rw-p 00000000 00:00 0 
d9800000-100000000 ---p 00000000 00:00 0 
100000000-100220000 rw-p 00000000 00:00 0 
100220000-140000000 ---p 00000000 00:00 0 
b49ed11000-b49ed12000 r-xp 00000000 08:1a 273887                         /usr/lib/jvm/java-8-openjdk-amd64/jre/bin/java
b49ef11000-b49ef12000 r--p 00000000 08:1a 273887                         /usr/lib/jvm/java-8-openjdk-amd64/jre/bin/java
b49ef12000-b49ef13000 rw-p 00001000 08:1a 273887                         /usr/lib/jvm/java-8-openjdk-amd64/jre/bin/java
b4a039a000-b4a03bb000 rw-p 00000000 00:00 0                              [heap]
7f7f68000000-7f7f68021000 rw-p 00000000 00:00 0 
7f7f68021000-7f7f6c000000 ---p 00000000 00:00 0 
7f7f6c000000-7f7f6c021000 rw-p 00000000 00:00 0 
7f7f6c021000-7f7f70000000 ---p 00000000 00:00 0 
7f7f70aeb000-7f7f70beb000 rw-p 00000000 00:00 0 
7f7f70beb000-7f7f70ceb000 ---p 00000000 00:00 0 
7f7f70ceb000-7f7f70cfc000 r-xp 00000000 08:1a 273923                     /usr/lib/jvm/java-8-openjdk-amd64/jre/lib/amd64/libnio.so
7f7f70cfc000-7f7f70efc000 ---p 00011000 08:1a 273923                     /usr/lib/jvm/java-8-openjdk-amd64/jre/lib/amd64/libnio.so
7f7f70efc000-7f7f70efd000 r--p 00011000 08:1a 273923                     /usr/lib/jvm/java-8-openjdk-amd64/jre/lib/amd64/libnio.so
7f7f70efd000-7f7f70efe000 rw-p 00012000 08:1a 273923                     /usr/lib/jvm/java-8-openjdk-amd64/jre/lib/amd64/libnio.so
7f7f70efe000-7f7f70f01000 ---p 00000000 00:00 0 
7f7f70f01000-7f7f74000000 rw-p 00000000 00:00 0 
7f7f74000000-7f7f74021000 rw-p 00000000 00:00 0 
7f7f74021000-7f7f78000000 ---p 00000000 00:00 0 
7f7f78000000-7f7f78021000 rw-p 00000000 00:00 0 
7f7f78021000-7f7f7c000000 ---p 00000000 00:00 0 
7f7f7c000000-7f7f7c021000 rw-p 00000000 00:00 0 
7f7f7c021000-7f7f80000000 ---p 00000000 00:00 0 
7f7f80067000-7f7f80267000 rw-p 00000000 00:00 0 
7f7f80267000-7f7f8027e000 r-xp 00000000 08:1a 273922                     /usr/lib/jvm/java-8-openjdk-amd64/jre/lib/amd64/libnet.so
7f7f8027e000-7f7f8047d000 ---p 00017000 08:1a 273922                     /usr/lib/jvm/java-8-openjdk-amd64/jre/lib/amd64/libnet.so
7f7f8047d000-7f7f8047e000 r--p 00016000 08:1a 273922                     /usr/lib/jvm/java-8-openjdk-amd64/jre/lib/amd64/libnet.so
7f7f8047e000-7f7f8047f000 rw-p 00017000 08:1a 273922                     /usr/lib/jvm/java-8-openjdk-amd64/jre/lib/amd64/libnet.so
7f7f8047f000-7f7f80482000 ---p 00000000 00:00 0 
7f7f80482000-7f7f80780000 rw-p 00000000 00:00 0 
7f7f80780000-7f7f80783000 ---p 00000000 00:00 0 
7f7f80783000-7f7f80881000 rw-p 00000000 00:00 0 
7f7f80881000-7f7f80884000 ---p 00000000 00:00 0 
7f7f80884000-7f7f80b82000 rw-p 00000000 00:00 0 
7f7f80b82000-7f7f80b85000 ---p 00000000 00:00 0 
7f7f80b85000-7f7f81383000 rw-p 00000000 00:00 0 
7f7f81383000-7f7f81387000 r-xp 00000000 08:18 1312433                    /lib/x86_64-linux-gnu/libuuid.so.1.3.0
7f7f81387000-7f7f81586000 ---p 00004000 08:18 1312433                    /lib/x86_64-linux-gnu/libuuid.so.1.3.0
7f7f81586000-7f7f81587000 r--p 00003000 08:18 1312433                    /lib/x86_64-linux-gnu/libuuid.so.1.3.0
7f7f81587000-7f7f81588000 rw-p 00004000 08:18 1312433                    /lib/x86_64-linux-gnu/libuuid.so.1.3.0
7f7f81588000-7f7f815b3000 r-xp 00000000 08:1a 261920                     /usr/lib/x86_64-linux-gnu/libgraphite2.so.3.0.1
7f7f815b3000-7f7f817b2000 ---p 0002b000 08:1a 261920                     /usr/lib/x86_64-linux-gnu/libgraphite2.so.3.0.1
7f7f817b2000-7f7f817b4000 r--p 0002a000 08:1a 261920                     /usr/lib/x86_64-linux-gnu/libgraphite2.so.3.0.1
7f7f817b4000-7f7f817b5000 rw-p 0002c000 08:1a 261920                     /usr/lib/x86_64-linux-gnu/libgraphite2.so.3.0.1
7f7f817b5000-7f7f817f6000 r-xp 00000000 08:18 1312431                    /lib/x86_64-linux-gnu/libblkid.so.1.1.0
7f7f817f6000-7f7f819f5000 ---p 00041000 08:18 1312431                    /lib/x86_64-linux-gnu/libblkid.so.1.1.0
7f7f819f5000-7f7f819f9000 r--p 00040000 08:18 1312431                    /lib/x86_64-linux-gnu/libblkid.so.1.1.0
7f7f819f9000-7f7f819fa000 rw-p 00044000 08:18 1312431                    /lib/x86_64-linux-gnu/libblkid.so.1.1.0
7f7f819fa000-7f7f819fb000 rw-p 00000000 00:00 0 
7f7f819fb000-7f7f81a0e000 r-xp 00000000 08:18 1312438                    /lib/x86_64-linux-gnu/libgpg-error.so.0.21.0
7f7f81a0e000-7f7f81c0d000 ---p 00013000 08:18 1312438                    /lib/x86_64-linux-gnu/libgpg-error.so.0.21.0
7f7f81c0d000-7f7f81c0e000 r--p 00012000 08:18 1312438                    /lib/x86_64-linux-gnu/libgpg-error.so.0.21.0
7f7f81c0e000-7f7f81c0f000 rw-p 00013000 08:18 1312438                    /lib/x86_64-linux-gnu/libgpg-error.so.0.21.0
7f7f81c0f000-7f7f81c16000 r-xp 00000000 08:1a 271598                     /usr/lib/x86_64-linux-gnu/libdatrie.so.1.3.3
7f7f81c16000-7f7f81e15000 ---p 00007000 08:1a 271598                     /usr/lib/x86_64-linux-gnu/libdatrie.so.1.3.3
7f7f81e15000-7f7f81e16000 r--p 00006000 08:1a 271598                     /usr/lib/x86_64-linux-gnu/libdatrie.so.1.3.3
7f7f81e16000-7f7f81e17000 rw-p 00007000 08:1a 271598                     /usr/lib/x86_64-linux-gnu/libdatrie.so.1.3.3
7f7f81e17000-7f7f81eaa000 r-xp 00000000 08:1a 261949                     /usr/lib/x86_64-linux-gnu/libharfbuzz.so.0.10400.2
7f7f81eaa000-7f7f820a9000 ---p 00093000 08:1a 261949                     /usr/lib/x86_64-linux-gnu/libharfbuzz.so.0.10400.2
7f7f820a9000-7f7f820ab000 r--p 00092000 08:1a 261949                     /usr/lib/x86_64-linux-gnu/libharfbuzz.so.0.10400.2
7f7f820ab000-7f7f820ac000 rw-p 00094000 08:1a 261949                     /usr/lib/x86_64-linux-gnu/libharfbuzz.so.0.10400.2
7f7f820ac000-7f7f820d4000 r-xp 00000000 08:18 1312399                    /lib/x86_64-linux-gnu/libexpat.so.1.6.3
7f7f820d4000-7f7f822d4000 ---p 00028000 08:18 1312399                    /lib/x86_64-linux-gnu/libexpat.so.1.6.3
7f7f822d4000-7f7f822d6000 r--p 00028000 08:18 1312399                    /lib/x86_64-linux-gnu/libexpat.so.1.6.3
7f7f822d6000-7f7f822d7000 rw-p 0002a000 08:18 1312399                    /lib/x86_64-linux-gnu/libexpat.so.1.6.3
7f7f822d7000-7f7f82321000 r-xp 00000000 08:18 1308980                    /lib/x86_64-linux-gnu/libmount.so.1.1.0
7f7f82321000-7f7f82521000 ---p 0004a000 08:18 1308980                    /lib/x86_64-linux-gnu/libmount.so.1.1.0
7f7f82521000-7f7f82522000 r--p 0004a000 08:18 1308980                    /lib/x86_64-linux-gnu/libmount.so.1.1.0
7f7f82522000-7f7f82523000 rw-p 0004b000 08:18 1308980                    /lib/x86_64-linux-gnu/libmount.so.1.1.0
7f7f82523000-7f7f82525000 rw-p 00000000 00:00 0 
7f7f82525000-7f7f82539000 r-xp 00000000 08:18 1312947                    /lib/x86_64-linux-gnu/libresolv-2.24.so
7f7f82539000-7f7f82738000 ---p 00014000 08:18 1312947                    /lib/x86_64-linux-gnu/libresolv-2.24.so
7f7f82738000-7f7f82739000 r--p 00013000 08:18 1312947                    /lib/x86_64-linux-gnu/libresolv-2.24.so
7f7f82739000-7f7f8273a000 rw-p 00014000 08:18 1312947                    /lib/x86_64-linux-gnu/libresolv-2.24.so
7f7f8273a000-7f7f8273c000 rw-p 00000000 00:00 0 
7f7f8273c000-7f7f82843000 r-xp 00000000 08:18 1308975                    /lib/x86_64-linux-gnu/libgcrypt.so.20.1.7
7f7f82843000-7f7f82a42000 ---p 00107000 08:18 1308975                    /lib/x86_64-linux-gnu/libgcrypt.so.20.1.7
7f7f82a42000-7f7f82a44000 r--p 00106000 08:18 1308975                    /lib/x86_64-linux-gnu/libgcrypt.so.20.1.7
7f7f82a44000-7f7f82a4b000 rw-p 00108000 08:18 1308975                    /lib/x86_64-linux-gnu/libgcrypt.so.20.1.7
7f7f82a4b000-7f7f82a5c000 r-xp 00000000 08:1a 282307                     /usr/lib/x86_64-linux-gnu/liblz4.so.1.7.1
7f7f82a5c000-7f7f82c5b000 ---p 00011000 08:1a 282307                     /usr/lib/x86_64-linux-gnu/liblz4.so.1.7.1
7f7f82c5b000-7f7f82c5c000 r--p 00010000 08:1a 282307                     /usr/lib/x86_64-linux-gnu/liblz4.so.1.7.1
7f7f82c5c000-7f7f82c5d000 rw-p 00011000 08:1a 282307                     /usr/lib/x86_64-linux-gnu/liblz4.so.1.7.1
7f7f82c5d000-7f7f82c82000 r-xp 00000000 08:18 1308968                    /lib/x86_64-linux-gnu/liblzma.so.5.2.2
7f7f82c82000-7f7f82e81000 ---p 00025000 08:18 1308968                    /lib/x86_64-linux-gnu/liblzma.so.5.2.2
7f7f82e81000-7f7f82e82000 r--p 00024000 08:18 1308968                    /lib/x86_64-linux-gnu/liblzma.so.5.2.2
7f7f82e82000-7f7f82e83000 rw-p 00025000 08:18 1308968                    /lib/x86_64-linux-gnu/liblzma.so.5.2.2
7f7f82e83000-7f7f82ea8000 r-xp 00000000 08:18 1309007                    /lib/x86_64-linux-gnu/libselinux.so.1
7f7f82ea8000-7f7f830a7000 ---p 00025000 08:18 1309007                    /lib/x86_64-linux-gnu/libselinux.so.1
7f7f830a7000-7f7f830a8000 r--p 00024000 08:18 1309007                    /lib/x86_64-linux-gnu/libselinux.so.1
7f7f830a8000-7f7f830a9000 rw-p 00025000 08:18 1309007                    /lib/x86_64-linux-gnu/libselinux.so.1
7f7f830a9000-7f7f830ab000 rw-p 00000000 00:00 0 
7f7f830ab000-7f7f8311d000 r-xp 00000000 08:18 1309062                    /lib/x86_64-linux-gnu/libpcre.so.3.13.3
7f7f8311d000-7f7f8331c000 ---p 00072000 08:18 1309062                    /lib/x86_64-linux-gnu/libpcre.so.3.13.3
7f7f8331c000-7f7f8331d000 r--p 00071000 08:18 1309062                    /lib/x86_64-linux-gnu/libpcre.so.3.13.3
7f7f8331d000-7f7f8331e000 rw-p 00072000 08:18 1309062                    /lib/x86_64-linux-gnu/libpcre.so.3.13.3
7f7f8331e000-7f7f83325000 r-xp 00000000 08:1a 271726                     /usr/lib/x86_64-linux-gnu/libffi.so.6.0.4
7f7f83325000-7f7f83525000 ---p 00007000 08:1a 271726                     /usr/lib/x86_64-linux-gnu/libffi.so.6.0.4
7f7f83525000-7f7f83526000 r--p 00007000 08:1a 271726                     /usr/lib/x86_64-linux-gnu/libffi.so.6.0.4
7f7f83526000-7f7f83527000 rw-p 00008000 08:1a 271726                     /usr/lib/x86_64-linux-gnu/libffi.so.6.0.4
7f7f83527000-7f7f83533000 r-xp 00000000 08:1a 271212                     /usr/lib/x86_64-linux-gnu/libxcb-render.so.0.0.0
7f7f83533000-7f7f83733000 ---p 0000c000 08:1a 271212                     /usr/lib/x86_64-linux-gnu/libxcb-render.so.0.0.0
7f7f83733000-7f7f83734000 r--p 0000c000 08:1a 271212                     /usr/lib/x86_64-linux-gnu/libxcb-render.so.0.0.0
7f7f83734000-7f7f83735000 rw-p 0000d000 08:1a 271212                     /usr/lib/x86_64-linux-gnu/libxcb-render.so.0.0.0
7f7f83735000-7f7f83737000 r-xp 00000000 08:1a 262283                     /usr/lib/x86_64-linux-gnu/libxcb-shm.so.0.0.0
7f7f83737000-7f7f83937000 ---p 00002000 08:1a 262283                     /usr/lib/x86_64-linux-gnu/libxcb-shm.so.0.0.0
7f7f83937000-7f7f83938000 r--p 00002000 08:1a 262283                     /usr/lib/x86_64-linux-gnu/libxcb-shm.so.0.0.0
7f7f83938000-7f7f83939000 rw-p 00003000 08:1a 262283                     /usr/lib/x86_64-linux-gnu/libxcb-shm.so.0.0.0
7f7f83939000-7f7f839d7000 r-xp 00000000 08:1a 271210                     /usr/lib/x86_64-linux-gnu/libpixman-1.so.0.34.0
7f7f839d7000-7f7f83bd7000 ---p 0009e000 08:1a 271210                     /usr/lib/x86_64-linux-gnu/libpixman-1.so.0.34.0
7f7f83bd7000-7f7f83bdf000 r--p 0009e000 08:1a 271210                     /usr/lib/x86_64-linux-gnu/libpixman-1.so.0.34.0
7f7f83bdf000-7f7f83be0000 rw-p 000a6000 08:1a 271210                     /usr/lib/x86_64-linux-gnu/libpixman-1.so.0.34.0
7f7f83be0000-7f7f83be8000 r-xp 00000000 08:1a 261968                     /usr/lib/x86_64-linux-gnu/libthai.so.0.3.0
7f7f83be8000-7f7f83de8000 ---p 00008000 08:1a 261968                     /usr/lib/x86_64-linux-gnu/libthai.so.0.3.0
7f7f83de8000-7f7f83de9000 r--p 00008000 08:1a 261968                     /usr/lib/x86_64-linux-gnu/libthai.so.0.3.0
7f7f83de9000-7f7f83dea000 rw-p 00009000 08:1a 261968                     /usr/lib/x86_64-linux-gnu/libthai.so.0.3.0
7f7f83dea000-7f7f83dfe000 r-xp 00000000 08:1a 261962                     /usr/lib/x86_64-linux-gnu/libpangoft2-1.0.so.0.4000.4
7f7f83dfe000-7f7f83ffe000 ---p 00014000 08:1a 261962                     /usr/lib/x86_64-linux-gnu/libpangoft2-1.0.so.0.4000.4
7f7f83ffe000-7f7f83fff000 r--p 00014000 08:1a 261962                     /usr/lib/x86_64-linux-gnu/libpangoft2-1.0.so.0.4000.4
7f7f83fff000-7f7f84000000 rw-p 00015000 08:1a 261962                     /usr/lib/x86_64-linux-gnu/libpangoft2-1.0.so.0.4000.4
7f7f84000000-7f7f84021000 rw-p 00000000 00:00 0 
7f7f84021000-7f7f88000000 ---p 00000000 00:00 0 
7f7f88068000-7f7f88151000 r-xp 00000000 08:1a 269965                     /usr/lib/x86_64-linux-gnu/libepoxy.so.0.0.0
7f7f88151000-7f7f88350000 ---p 000e9000 08:1a 269965                     /usr/lib/x86_64-linux-gnu/libepoxy.so.0.0.0
7f7f88350000-7f7f88357000 r--p 000e8000 08:1a 269965                     /usr/lib/x86_64-linux-gnu/libepoxy.so.0.0.0
7f7f88357000-7f7f8835e000 rw-p 000ef000 08:1a 269965                     /usr/lib/x86_64-linux-gnu/libepoxy.so.0.0.0
7f7f8835e000-7f7f8836b000 r-xp 00000000 08:1a 261975                     /usr/lib/x86_64-linux-gnu/libwayland-client.so.0.3.0
7f7f8836b000-7f7f8856a000 ---p 0000d000 08:1a 261975                     /usr/lib/x86_64-linux-gnu/libwayland-client.so.0.3.0
7f7f8856a000-7f7f8856c000 r--p 0000c000 08:1a 261975                     /usr/lib/x86_64-linux-gnu/libwayland-client.so.0.3.0
7f7f8856c000-7f7f8856d000 rw-p 0000e000 08:1a 261975                     /usr/lib/x86_64-linux-gnu/libwayland-client.so.0.3.0
7f7f8856d000-7f7f8856e000 r-xp 00000000 08:1a 262276                     /usr/lib/x86_64-linux-gnu/libwayland-egl.so.1.0.0
7f7f8856e000-7f7f8876d000 ---p 00001000 08:1a 262276                     /usr/lib/x86_64-linux-gnu/libwayland-egl.so.1.0.0
7f7f8876d000-7f7f8876e000 r--p 00000000 08:1a 262276                     /usr/lib/x86_64-linux-gnu/libwayland-egl.so.1.0.0
7f7f8876e000-7f7f8876f000 rw-p 00001000 08:1a 262276                     /usr/lib/x86_64-linux-gnu/libwayland-egl.so.1.0.0
7f7f8876f000-7f7f88773000 r-xp 00000000 08:1a 262274                     /usr/lib/x86_64-linux-gnu/libwayland-cursor.so.0.0.0
7f7f88773000-7f7f88972000 ---p 00004000 08:1a 262274                     /usr/lib/x86_64-linux-gnu/libwayland-cursor.so.0.0.0
7f7f88972000-7f7f88973000 r--p 00003000 08:1a 262274                     /usr/lib/x86_64-linux-gnu/libwayland-cursor.so.0.0.0
7f7f88973000-7f7f88977000 rw-p 00004000 08:1a 262274                     /usr/lib/x86_64-linux-gnu/libwayland-cursor.so.0.0.0
7f7f88977000-7f7f889b5000 r-xp 00000000 08:1a 282683                     /usr/lib/x86_64-linux-gnu/libxkbcommon.so.0.0.0
7f7f889b5000-7f7f88bb4000 ---p 0003e000 08:1a 282683                     /usr/lib/x86_64-linux-gnu/libxkbcommon.so.0.0.0
7f7f88bb4000-7f7f88bb6000 r--p 0003d000 08:1a 282683                     /usr/lib/x86_64-linux-gnu/libxkbcommon.so.0.0.0
7f7f88bb6000-7f7f88bb7000 rw-p 0003f000 08:1a 282683                     /usr/lib/x86_64-linux-gnu/libxkbcommon.so.0.0.0
7f7f88bb7000-7f7f88bb9000 r-xp 00000000 08:1a 262233                     /usr/lib/x86_64-linux-gnu/libXdamage.so.1.1.0
7f7f88bb9000-7f7f88db8000 ---p 00002000 08:1a 262233                     /usr/lib/x86_64-linux-gnu/libXdamage.so.1.1.0
7f7f88db8000-7f7f88db9000 r--p 00001000 08:1a 262233                     /usr/lib/x86_64-linux-gnu/libXdamage.so.1.1.0
7f7f88db9000-7f7f88dba000 rw-p 00002000 08:1a 262233                     /usr/lib/x86_64-linux-gnu/libXdamage.so.1.1.0
7f7f88dba000-7f7f88dbc000 r-xp 00000000 08:1a 262293                     /usr/lib/x86_64-linux-gnu/libXcomposite.so.1.0.0
7f7f88dbc000-7f7f88fbb000 ---p 00002000 08:1a 262293                     /usr/lib/x86_64-linux-gnu/libXcomposite.so.1.0.0
7f7f88fbb000-7f7f88fbc000 r--p 00001000 08:1a 262293                     /usr/lib/x86_64-linux-gnu/libXcomposite.so.1.0.0
7f7f88fbc000-7f7f88fbd000 rw-p 00002000 08:1a 262293                     /usr/lib/x86_64-linux-gnu/libXcomposite.so.1.0.0
7f7f88fbd000-7f7f88fc7000 r-xp 00000000 08:1a 262193                     /usr/lib/x86_64-linux-gnu/libXrandr.so.2.2.0
7f7f88fc7000-7f7f891c6000 ---p 0000a000 08:1a 262193                     /usr/lib/x86_64-linux-gnu/libXrandr.so.2.2.0
7f7f891c6000-7f7f891c7000 r--p 00009000 08:1a 262193                     /usr/lib/x86_64-linux-gnu/libXrandr.so.2.2.0
7f7f891c7000-7f7f891c8000 rw-p 0000a000 08:1a 262193                     /usr/lib/x86_64-linux-gnu/libXrandr.so.2.2.0
7f7f891c8000-7f7f891ca000 r-xp 00000000 08:1a 262181                     /usr/lib/x86_64-linux-gnu/libXinerama.so.1.0.0
7f7f891ca000-7f7f893c9000 ---p 00002000 08:1a 262181                     /usr/lib/x86_64-linux-gnu/libXinerama.so.1.0.0
7f7f893c9000-7f7f893ca000 r--p 00001000 08:1a 262181                     /usr/lib/x86_64-linux-gnu/libXinerama.so.1.0.0
7f7f893ca000-7f7f893cb000 rw-p 00002000 08:1a 262181                     /usr/lib/x86_64-linux-gnu/libXinerama.so.1.0.0
7f7f893cb000-7f7f89407000 r-xp 00000000 08:1a 303735                     /usr/lib/x86_64-linux-gnu/libfontconfig.so.1.8.0
7f7f89407000-7f7f89606000 ---p 0003c000 08:1a 303735                     /usr/lib/x86_64-linux-gnu/libfontconfig.so.1.8.0
7f7f89606000-7f7f89608000 r--p 0003b000 08:1a 303735                     /usr/lib/x86_64-linux-gnu/libfontconfig.so.1.8.0
7f7f89608000-7f7f89609000 rw-p 0003d000 08:1a 303735                     /usr/lib/x86_64-linux-gnu/libfontconfig.so.1.8.0
7f7f89609000-7f7f89796000 r-xp 00000000 08:1a 262234                     /usr/lib/x86_64-linux-gnu/libgio-2.0.so.0.5000.3
7f7f89796000-7f7f89996000 ---p 0018d000 08:1a 262234                     /usr/lib/x86_64-linux-gnu/libgio-2.0.so.0.5000.3
7f7f89996000-7f7f8999b000 r--p 0018d000 08:1a 262234                     /usr/lib/x86_64-linux-gnu/libgio-2.0.so.0.5000.3
7f7f8999b000-7f7f8999e000 rw-p 00192000 08:1a 262234                     /usr/lib/x86_64-linux-gnu/libgio-2.0.so.0.5000.3
7f7f8999e000-7f7f8999f000 rw-p 00000000 00:00 0 
7f7f8999f000-7f7f89a24000 r-xp 00000000 08:18 1312677                    /lib/x86_64-linux-gnu/libsystemd.so.0.18.0
7f7f89a24000-7f7f89a25000 ---p 00085000 08:18 1312677                    /lib/x86_64-linux-gnu/libsystemd.so.0.18.0
7f7f89a25000-7f7f89a28000 r--p 00085000 08:18 1312677                    /lib/x86_64-linux-gnu/libsystemd.so.0.18.0
7f7f89a28000-7f7f89a29000 rw-p 00088000 08:18 1312677                    /lib/x86_64-linux-gnu/libsystemd.so.0.18.0
7f7f89a29000-7f7f89a2a000 rw-p 00000000 00:00 0 
7f7f89a2a000-7f7f89a2d000 r-xp 00000000 08:1a 262235                     /usr/lib/x86_64-linux-gnu/libgmodule-2.0.so.0.5000.3
7f7f89a2d000-7f7f89c2c000 ---p 00003000 08:1a 262235                     /usr/lib/x86_64-linux-gnu/libgmodule-2.0.so.0.5000.3
7f7f89c2c000-7f7f89c2d000 r--p 00002000 08:1a 262235                     /usr/lib/x86_64-linux-gnu/libgmodule-2.0.so.0.5000.3
7f7f89c2d000-7f7f89c2e000 rw-p 00003000 08:1a 262235                     /usr/lib/x86_64-linux-gnu/libgmodule-2.0.so.0.5000.3
7f7f89c2e000-7f7f89d40000 r-xp 00000000 08:18 1308990                    /lib/x86_64-linux-gnu/libglib-2.0.so.0.5000.3
7f7f89d40000-7f7f89f3f000 ---p 00112000 08:18 1308990                    /lib/x86_64-linux-gnu/libglib-2.0.so.0.5000.3
7f7f89f3f000-7f7f89f40000 r--p 00111000 08:18 1308990                    /lib/x86_64-linux-gnu/libglib-2.0.so.0.5000.3
7f7f89f40000-7f7f89f41000 rw-p 00112000 08:18 1308990                    /lib/x86_64-linux-gnu/libglib-2.0.so.0.5000.3
7f7f89f41000-7f7f89f42000 rw-p 00000000 00:00 0 
7f7f89f42000-7f7f89f94000 r-xp 00000000 08:1a 272003                     /usr/lib/x86_64-linux-gnu/libgobject-2.0.so.0.5000.3
7f7f89f94000-7f7f8a193000 ---p 00052000 08:1a 272003                     /usr/lib/x86_64-linux-gnu/libgobject-2.0.so.0.5000.3
7f7f8a193000-7f7f8a194000 r--p 00051000 08:1a 272003                     /usr/lib/x86_64-linux-gnu/libgobject-2.0.so.0.5000.3
7f7f8a194000-7f7f8a195000 rw-p 00052000 08:1a 272003                     /usr/lib/x86_64-linux-gnu/libgobject-2.0.so.0.5000.3
7f7f8a195000-7f7f8a2a3000 r-xp 00000000 08:1a 262197                     /usr/lib/x86_64-linux-gnu/libcairo.so.2.11400.8
7f7f8a2a3000-7f7f8a4a3000 ---p 0010e000 08:1a 262197                     /usr/lib/x86_64-linux-gnu/libcairo.so.2.11400.8
7f7f8a4a3000-7f7f8a4a6000 r--p 0010e000 08:1a 262197                     /usr/lib/x86_64-linux-gnu/libcairo.so.2.11400.8
7f7f8a4a6000-7f7f8a4a7000 rw-p 00111000 08:1a 262197                     /usr/lib/x86_64-linux-gnu/libcairo.so.2.11400.8
7f7f8a4a7000-7f7f8a4a9000 rw-p 00000000 00:00 0 
7f7f8a4a9000-7f7f8a4af000 r-xp 00000000 08:1a 271217                     /usr/lib/x86_64-linux-gnu/libcairo-gobject.so.2.11400.8
7f7f8a4af000-7f7f8a6af000 ---p 00006000 08:1a 271217                     /usr/lib/x86_64-linux-gnu/libcairo-gobject.so.2.11400.8
7f7f8a6af000-7f7f8a6b1000 r--p 00006000 08:1a 271217                     /usr/lib/x86_64-linux-gnu/libcairo-gobject.so.2.11400.8
7f7f8a6b1000-7f7f8a6b2000 rw-p 00008000 08:1a 271217                     /usr/lib/x86_64-linux-gnu/libcairo-gobject.so.2.11400.8
7f7f8a6b2000-7f7f8a6d4000 r-xp 00000000 08:1a 269967                     /usr/lib/x86_64-linux-gnu/libgdk_pixbuf-2.0.so.0.3600.5
7f7f8a6d4000-7f7f8a8d3000 ---p 00022000 08:1a 269967                     /usr/lib/x86_64-linux-gnu/libgdk_pixbuf-2.0.so.0.3600.5
7f7f8a8d3000-7f7f8a8d4000 r--p 00021000 08:1a 269967                     /usr/lib/x86_64-linux-gnu/libgdk_pixbuf-2.0.so.0.3600.5
7f7f8a8d4000-7f7f8a8d5000 rw-p 00022000 08:1a 269967                     /usr/lib/x86_64-linux-gnu/libgdk_pixbuf-2.0.so.0.3600.5
7f7f8a8d5000-7f7f8a91e000 r-xp 00000000 08:1a 261957                     /usr/lib/x86_64-linux-gnu/libpango-1.0.so.0.4000.4
7f7f8a91e000-7f7f8ab1d000 ---p 00049000 08:1a 261957                     /usr/lib/x86_64-linux-gnu/libpango-1.0.so.0.4000.4
7f7f8ab1d000-7f7f8ab20000 r--p 00048000 08:1a 261957                     /usr/lib/x86_64-linux-gnu/libpango-1.0.so.0.4000.4
7f7f8ab20000-7f7f8ab21000 rw-p 0004b000 08:1a 261957                     /usr/lib/x86_64-linux-gnu/libpango-1.0.so.0.4000.4
7f7f8ab21000-7f7f8ab2d000 r-xp 00000000 08:1a 261959                     /usr/lib/x86_64-linux-gnu/libpangocairo-1.0.so.0.4000.4
7f7f8ab2d000-7f7f8ad2c000 ---p 0000c000 08:1a 261959                     /usr/lib/x86_64-linux-gnu/libpangocairo-1.0.so.0.4000.4
7f7f8ad2c000-7f7f8ad2d000 r--p 0000b000 08:1a 261959                     /usr/lib/x86_64-linux-gnu/libpangocairo-1.0.so.0.4000.4
7f7f8ad2d000-7f7f8ad2e000 rw-p 0000c000 08:1a 261959                     /usr/lib/x86_64-linux-gnu/libpangocairo-1.0.so.0.4000.4
7f7f8ad2e000-7f7f8ae1c000 r-xp 00000000 08:1a 262195                     /usr/lib/x86_64-linux-gnu/libgdk-3.so.0.2200.11
7f7f8ae1c000-7f7f8b01b000 ---p 000ee000 08:1a 262195                     /usr/lib/x86_64-linux-gnu/libgdk-3.so.0.2200.11
7f7f8b01b000-7f7f8b021000 r--p 000ed000 08:1a 262195                     /usr/lib/x86_64-linux-gnu/libgdk-3.so.0.2200.11
7f7f8b021000-7f7f8b024000 rw-p 000f3000 08:1a 262195                     /usr/lib/x86_64-linux-gnu/libgdk-3.so.0.2200.11
7f7f8b024000-7f7f8b025000 rw-p 00000000 00:00 0 
7f7f8b025000-7f7f8b0d3000 r-xp 00000000 08:1a 269989                     /usr/lib/x86_64-linux-gnu/libgdk-x11-2.0.so.0.2400.31
7f7f8b0d3000-7f7f8b2d2000 ---p 000ae000 08:1a 269989                     /usr/lib/x86_64-linux-gnu/libgdk-x11-2.0.so.0.2400.31
7f7f8b2d2000-7f7f8b2d6000 r--p 000ad000 08:1a 269989                     /usr/lib/x86_64-linux-gnu/libgdk-x11-2.0.so.0.2400.31
7f7f8b2d6000-7f7f8b2d8000 rw-p 000b1000 08:1a 269989                     /usr/lib/x86_64-linux-gnu/libgdk-x11-2.0.so.0.2400.31
7f7f8b2d8000-7f7f8b2d9000 r-xp 00000000 08:1a 272024                     /usr/lib/x86_64-linux-gnu/libgthread-2.0.so.0.5000.3
7f7f8b2d9000-7f7f8b4d8000 ---p 00001000 08:1a 272024                     /usr/lib/x86_64-linux-gnu/libgthread-2.0.so.0.5000.3
7f7f8b4d8000-7f7f8b4d9000 r--p 00000000 08:1a 272024                     /usr/lib/x86_64-linux-gnu/libgthread-2.0.so.0.5000.3
7f7f8b4d9000-7f7f8b4da000 rw-p 00001000 08:1a 272024                     /usr/lib/x86_64-linux-gnu/libgthread-2.0.so.0.5000.3
7f7f8b4da000-7f7f8b527000 r-xp 00000000 08:18 1308982                    /lib/x86_64-linux-gnu/libdbus-1.so.3.14.10
7f7f8b527000-7f7f8b727000 ---p 0004d000 08:18 1308982                    /lib/x86_64-linux-gnu/libdbus-1.so.3.14.10
7f7f8b727000-7f7f8b729000 r--p 0004d000 08:18 1308982                    /lib/x86_64-linux-gnu/libdbus-1.so.3.14.10
7f7f8b729000-7f7f8b72a000 rw-p 0004f000 08:18 1308982                    /lib/x86_64-linux-gnu/libdbus-1.so.3.14.10
7f7f8b72a000-7f7f8b757000 r-xp 00000000 08:1a 282684                     /usr/lib/x86_64-linux-gnu/libatspi.so.0.0.1
7f7f8b757000-7f7f8b957000 ---p 0002d000 08:1a 282684                     /usr/lib/x86_64-linux-gnu/libatspi.so.0.0.1
7f7f8b957000-7f7f8b95a000 r--p 0002d000 08:1a 282684                     /usr/lib/x86_64-linux-gnu/libatspi.so.0.0.1
7f7f8b95a000-7f7f8b95b000 rw-p 00030000 08:1a 282684                     /usr/lib/x86_64-linux-gnu/libatspi.so.0.0.1
7f7f8b95b000-7f7f8b988000 r-xp 00000000 08:1a 283325                     /usr/lib/x86_64-linux-gnu/libatk-bridge-2.0.so.0.0.0
7f7f8b988000-7f7f8bb87000 ---p 0002d000 08:1a 283325                     /usr/lib/x86_64-linux-gnu/libatk-bridge-2.0.so.0.0.0
7f7f8bb87000-7f7f8bb88000 r--p 0002c000 08:1a 283325                     /usr/lib/x86_64-linux-gnu/libatk-bridge-2.0.so.0.0.0
7f7f8bb88000-7f7f8bb8a000 rw-p 0002d000 08:1a 283325                     /usr/lib/x86_64-linux-gnu/libatk-bridge-2.0.so.0.0.0
7f7f8bb8a000-7f7f8bbad000 r-xp 00000000 08:1a 272007                     /usr/lib/x86_64-linux-gnu/libatk-1.0.so.0.22209.1
7f7f8bbad000-7f7f8bdac000 ---p 00023000 08:1a 272007                     /usr/lib/x86_64-linux-gnu/libatk-1.0.so.0.22209.1
7f7f8bdac000-7f7f8bdaf000 r--p 00022000 08:1a 272007                     /usr/lib/x86_64-linux-gnu/libatk-1.0.so.0.22209.1
7f7f8bdaf000-7f7f8bdb0000 rw-p 00025000 08:1a 272007                     /usr/lib/x86_64-linux-gnu/libatk-1.0.so.0.22209.1
7f7f8bdb0000-7f7f8bdc5000 r-xp 00000000 08:1a 273867                     /usr/lib/x86_64-linux-gnu/jni/libatk-wrapper.so.6.0.0
7f7f8bdc5000-7f7f8bfc5000 ---p 00015000 08:1a 273867                     /usr/lib/x86_64-linux-gnu/jni/libatk-wrapper.so.6.0.0
7f7f8bfc5000-7f7f8bfc6000 r--p 00015000 08:1a 273867                     /usr/lib/x86_64-linux-gnu/jni/libatk-wrapper.so.6.0.0
7f7f8bfc6000-7f7f8bfc7000 rw-p 00016000 08:1a 273867                     /usr/lib/x86_64-linux-gnu/jni/libatk-wrapper.so.6.0.0
7f7f8bfc7000-7f7f8bfca000 ---p 00000000 00:00 0 
7f7f8bfca000-7f7f8c000000 rw-p 00000000 00:00 0 
7f7f8c000000-7f7f8c021000 rw-p 00000000 00:00 0 
7f7f8c021000-7f7f90000000 ---p 00000000 00:00 0 
7f7f90000000-7f7f90278000 rw-p 00000000 00:00 0 
7f7f90278000-7f7f94000000 ---p 00000000 00:00 0 
7f7f94000000-7f7f94021000 rw-p 00000000 00:00 0 
7f7f94021000-7f7f98000000 ---p 00000000 00:00 0 
7f7f98000000-7f7f98021000 rw-p 00000000 00:00 0 
7f7f98021000-7f7f9c000000 ---p 00000000 00:00 0 
7f7f9c000000-7f7f9c6ae000 rw-p 00000000 00:00 0 
7f7f9c6ae000-7f7fa0000000 ---p 00000000 00:00 0 
7f7fa0000000-7f7fa054a000 rw-p 00000000 00:00 0 
7f7fa054a000-7f7fa4000000 ---p 00000000 00:00 0 
7f7fa4000000-7f7fa4021000 rw-p 00000000 00:00 0 
7f7fa4021000-7f7fa8000000 ---p 00000000 00:00 0 
7f7fa8000000-7f7fa8771000 rw-p 00000000 00:00 0 
7f7fa8771000-7f7fac000000 ---p 00000000 00:00 0 
7f7fac000000-7f7fac021000 rw-p 00000000 00:00 0 
7f7fac021000-7f7fb0000000 ---p 00000000 00:00 0 
7f7fb0000000-7f7fb0021000 rw-p 00000000 00:00 0 
7f7fb0021000-7f7fb4000000 ---p 00000000 00:00 0 
7f7fb4000000-7f7fb4021000 rw-p 00000000 00:00 0 
7f7fb4021000-7f7fb8000000 ---p 00000000 00:00 0 
7f7fb8008000-7f7fb800b000 ---p 00000000 00:00 0 
7f7fb800b000-7f7fb8109000 rw-p 00000000 00:00 0 
7f7fb8109000-7f7fb810e000 r-xp 00000000 08:1a 262239                     /usr/lib/x86_64-linux-gnu/libXfixes.so.3.1.0
7f7fb810e000-7f7fb830d000 ---p 00005000 08:1a 262239                     /usr/lib/x86_64-linux-gnu/libXfixes.so.3.1.0
7f7fb830d000-7f7fb830e000 r--p 00004000 08:1a 262239                     /usr/lib/x86_64-linux-gnu/libXfixes.so.3.1.0
7f7fb830e000-7f7fb830f000 rw-p 00005000 08:1a 262239                     /usr/lib/x86_64-linux-gnu/libXfixes.so.3.1.0
7f7fb830f000-7f7fb8319000 r-xp 00000000 08:1a 271689                     /usr/lib/x86_64-linux-gnu/libXcursor.so.1.0.2
7f7fb8319000-7f7fb8518000 ---p 0000a000 08:1a 271689                     /usr/lib/x86_64-linux-gnu/libXcursor.so.1.0.2
7f7fb8518000-7f7fb8519000 r--p 00009000 08:1a 271689                     /usr/lib/x86_64-linux-gnu/libXcursor.so.1.0.2
7f7fb8519000-7f7fb851a000 rw-p 0000a000 08:1a 271689                     /usr/lib/x86_64-linux-gnu/libXcursor.so.1.0.2
7f7fb851a000-7f7fb851d000 ---p 00000000 00:00 0 
7f7fb851d000-7f7fb861b000 rw-p 00000000 00:00 0 
7f7fb861b000-7f7fb864c000 r-xp 00000000 08:1a 261643                     /usr/lib/x86_64-linux-gnu/libpng16.so.16.28.0
7f7fb864c000-7f7fb884c000 ---p 00031000 08:1a 261643                     /usr/lib/x86_64-linux-gnu/libpng16.so.16.28.0
7f7fb884c000-7f7fb884d000 r--p 00031000 08:1a 261643                     /usr/lib/x86_64-linux-gnu/libpng16.so.16.28.0
7f7fb884d000-7f7fb884e000 rw-p 00032000 08:1a 261643                     /usr/lib/x86_64-linux-gnu/libpng16.so.16.28.0
7f7fb884e000-7f7fb88f2000 r-xp 00000000 08:1a 271955                     /usr/lib/x86_64-linux-gnu/libfreetype.so.6.12.5
7f7fb88f2000-7f7fb8af2000 ---p 000a4000 08:1a 271955                     /usr/lib/x86_64-linux-gnu/libfreetype.so.6.12.5
7f7fb8af2000-7f7fb8af8000 r--p 000a4000 08:1a 271955                     /usr/lib/x86_64-linux-gnu/libfreetype.so.6.12.5
7f7fb8af8000-7f7fb8af9000 rw-p 000aa000 08:1a 271955                     /usr/lib/x86_64-linux-gnu/libfreetype.so.6.12.5
7f7fb8b18000-7f7fb8b69000 r-xp 00000000 08:1a 273904                     /usr/lib/jvm/java-8-openjdk-amd64/jre/lib/amd64/libfontmanager.so
7f7fb8b69000-7f7fb8d69000 ---p 00051000 08:1a 273904                     /usr/lib/jvm/java-8-openjdk-amd64/jre/lib/amd64/libfontmanager.so
7f7fb8d69000-7f7fb8d6b000 r--p 00051000 08:1a 273904                     /usr/lib/jvm/java-8-openjdk-amd64/jre/lib/amd64/libfontmanager.so
7f7fb8d6b000-7f7fb8d6c000 rw-p 00053000 08:1a 273904                     /usr/lib/jvm/java-8-openjdk-amd64/jre/lib/amd64/libfontmanager.so
7f7fb8d6c000-7f7fb8d8e000 r--p 00000000 08:1a 783778                     /usr/share/locale/zh_CN/LC_MESSAGES/libc.mo
7f7fb8d8e000-7f7fb8da1000 r-xp 00000000 08:18 1312850                    /lib/x86_64-linux-gnu/libbsd.so.0.8.3
7f7fb8da1000-7f7fb8fa1000 ---p 00013000 08:18 1312850                    /lib/x86_64-linux-gnu/libbsd.so.0.8.3
7f7fb8fa1000-7f7fb8fa2000 r--p 00013000 08:18 1312850                    /lib/x86_64-linux-gnu/libbsd.so.0.8.3
7f7fb8fa2000-7f7fb8fa3000 rw-p 00014000 08:18 1312850                    /lib/x86_64-linux-gnu/libbsd.so.0.8.3
7f7fb8fa3000-7f7fb8fa4000 rw-p 00000000 00:00 0 
7f7fb8fa4000-7f7fb8fa9000 r-xp 00000000 08:1a 271575                     /usr/lib/x86_64-linux-gnu/libXdmcp.so.6.0.0
7f7fb8fa9000-7f7fb91a8000 ---p 00005000 08:1a 271575                     /usr/lib/x86_64-linux-gnu/libXdmcp.so.6.0.0
7f7fb91a8000-7f7fb91a9000 r--p 00004000 08:1a 271575                     /usr/lib/x86_64-linux-gnu/libXdmcp.so.6.0.0
7f7fb91a9000-7f7fb91aa000 rw-p 00005000 08:1a 271575                     /usr/lib/x86_64-linux-gnu/libXdmcp.so.6.0.0
7f7fb91aa000-7f7fb91ad000 r-xp 00000000 08:1a 271580                     /usr/lib/x86_64-linux-gnu/libXau.so.6.0.0
7f7fb91ad000-7f7fb93ac000 ---p 00003000 08:1a 271580                     /usr/lib/x86_64-linux-gnu/libXau.so.6.0.0
7f7fb93ac000-7f7fb93ad000 r--p 00002000 08:1a 271580                     /usr/lib/x86_64-linux-gnu/libXau.so.6.0.0
7f7fb93ad000-7f7fb93ae000 rw-p 00003000 08:1a 271580                     /usr/lib/x86_64-linux-gnu/libXau.so.6.0.0
7f7fb93ae000-7f7fb93d5000 r-xp 00000000 08:1a 293818                     /usr/lib/x86_64-linux-gnu/libxcb.so.1.1.0
7f7fb93d5000-7f7fb95d4000 ---p 00027000 08:1a 293818                     /usr/lib/x86_64-linux-gnu/libxcb.so.1.1.0
7f7fb95d4000-7f7fb95d5000 r--p 00026000 08:1a 293818                     /usr/lib/x86_64-linux-gnu/libxcb.so.1.1.0
7f7fb95d5000-7f7fb95d6000 rw-p 00027000 08:1a 293818                     /usr/lib/x86_64-linux-gnu/libxcb.so.1.1.0
7f7fb95d6000-7f7fb95e5000 r-xp 00000000 08:1a 262183                     /usr/lib/x86_64-linux-gnu/libXi.so.6.1.0
7f7fb95e5000-7f7fb97e4000 ---p 0000f000 08:1a 262183                     /usr/lib/x86_64-linux-gnu/libXi.so.6.1.0
7f7fb97e4000-7f7fb97e5000 r--p 0000e000 08:1a 262183                     /usr/lib/x86_64-linux-gnu/libXi.so.6.1.0
7f7fb97e5000-7f7fb97e6000 rw-p 0000f000 08:1a 262183                     /usr/lib/x86_64-linux-gnu/libXi.so.6.1.0
7f7fb97e6000-7f7fb97eb000 r-xp 00000000 08:1a 261386                     /usr/lib/x86_64-linux-gnu/libXtst.so.6.1.0
7f7fb97eb000-7f7fb99ea000 ---p 00005000 08:1a 261386                     /usr/lib/x86_64-linux-gnu/libXtst.so.6.1.0
7f7fb99ea000-7f7fb99eb000 r--p 00004000 08:1a 261386                     /usr/lib/x86_64-linux-gnu/libXtst.so.6.1.0
7f7fb99eb000-7f7fb99ec000 rw-p 00005000 08:1a 261386                     /usr/lib/x86_64-linux-gnu/libXtst.so.6.1.0
7f7fb99ec000-7f7fb99f5000 r-xp 00000000 08:1a 262187                     /usr/lib/x86_64-linux-gnu/libXrender.so.1.3.0
7f7fb99f5000-7f7fb9bf4000 ---p 00009000 08:1a 262187                     /usr/lib/x86_64-linux-gnu/libXrender.so.1.3.0
7f7fb9bf4000-7f7fb9bf5000 r--p 00008000 08:1a 262187                     /usr/lib/x86_64-linux-gnu/libXrender.so.1.3.0
7f7fb9bf5000-7f7fb9bf6000 rw-p 00009000 08:1a 262187                     /usr/lib/x86_64-linux-gnu/libXrender.so.1.3.0
7f7fb9bf6000-7f7fb9d30000 r-xp 00000000 08:1a 262045                     /usr/lib/x86_64-linux-gnu/libX11.so.6.3.0
7f7fb9d30000-7f7fb9f30000 ---p 0013a000 08:1a 262045                     /usr/lib/x86_64-linux-gnu/libX11.so.6.3.0
7f7fb9f30000-7f7fb9f31000 r--p 0013a000 08:1a 262045                     /usr/lib/x86_64-linux-gnu/libX11.so.6.3.0
7f7fb9f31000-7f7fb9f36000 rw-p 0013b000 08:1a 262045                     /usr/lib/x86_64-linux-gnu/libX11.so.6.3.0
7f7fb9f36000-7f7fb9f47000 r-xp 00000000 08:1a 272231                     /usr/lib/x86_64-linux-gnu/libXext.so.6.4.0
7f7fb9f47000-7f7fba146000 ---p 00011000 08:1a 272231                     /usr/lib/x86_64-linux-gnu/libXext.so.6.4.0
7f7fba146000-7f7fba147000 r--p 00010000 08:1a 272231                     /usr/lib/x86_64-linux-gnu/libXext.so.6.4.0
7f7fba147000-7f7fba148000 rw-p 00011000 08:1a 272231                     /usr/lib/x86_64-linux-gnu/libXext.so.6.4.0
7f7fba14d000-7f7fba160000 r--s 00346000 08:1a 274190                     /usr/lib/jvm/java-8-openjdk-amd64/jre/lib/resources.jar
7f7fba160000-7f7fba167000 r--s 00000000 08:1a 412506                     /usr/lib/x86_64-linux-gnu/gconv/gconv-modules.cache
7f7fba167000-7f7fba1bb000 r-xp 00000000 08:1a 273902                     /usr/lib/jvm/java-8-openjdk-amd64/jre/lib/amd64/libawt_xawt.so
7f7fba1bb000-7f7fba3ba000 ---p 00054000 08:1a 273902                     /usr/lib/jvm/java-8-openjdk-amd64/jre/lib/amd64/libawt_xawt.so
7f7fba3ba000-7f7fba3bb000 r--p 00053000 08:1a 273902                     /usr/lib/jvm/java-8-openjdk-amd64/jre/lib/amd64/libawt_xawt.so
7f7fba3bb000-7f7fba3be000 rw-p 00054000 08:1a 273902                     /usr/lib/jvm/java-8-openjdk-amd64/jre/lib/amd64/libawt_xawt.so
7f7fba3be000-7f7fba3bf000 rw-p 00000000 00:00 0 
7f7fba3bf000-7f7fba45f000 r-xp 00000000 08:1a 273900                     /usr/lib/jvm/java-8-openjdk-amd64/jre/lib/amd64/libawt.so
7f7fba45f000-7f7fba65f000 ---p 000a0000 08:1a 273900                     /usr/lib/jvm/java-8-openjdk-amd64/jre/lib/amd64/libawt.so
7f7fba65f000-7f7fba660000 r--p 000a0000 08:1a 273900                     /usr/lib/jvm/java-8-openjdk-amd64/jre/lib/amd64/libawt.so
7f7fba660000-7f7fba66b000 rw-p 000a1000 08:1a 273900                     /usr/lib/jvm/java-8-openjdk-amd64/jre/lib/amd64/libawt.so
7f7fba66b000-7f7fba690000 rw-p 00000000 00:00 0 
7f7fba690000-7f7fba695000 r--s 0002f000 08:1b 141371                     /home/motian/program/project/crawler/jar/gson-2.3.1.jar
7f7fba695000-7f7fba69b000 r--s 0004b000 08:1b 141130                     /home/motian/program/project/crawler/jar/jcommon-1.0.23.jar
7f7fba69b000-7f7fba69c000 ---p 00000000 00:00 0 
7f7fba69c000-7f7fba79c000 rw-p 00000000 00:00 0 
7f7fba79c000-7f7fba79f000 ---p 00000000 00:00 0 
7f7fba79f000-7f7fba89d000 rw-p 00000000 00:00 0 
7f7fba89d000-7f7fba8a0000 ---p 00000000 00:00 0 
7f7fba8a0000-7f7fba99e000 rw-p 00000000 00:00 0 
7f7fba99e000-7f7fba9a1000 ---p 00000000 00:00 0 
7f7fba9a1000-7f7fbaa9f000 rw-p 00000000 00:00 0 
7f7fbaa9f000-7f7fbaaa2000 ---p 00000000 00:00 0 
7f7fbaaa2000-7f7fbaba0000 rw-p 00000000 00:00 0 
7f7fbaba0000-7f7fbaba3000 ---p 00000000 00:00 0 
7f7fbaba3000-7f7fbaca1000 rw-p 00000000 00:00 0 
7f7fbaca1000-7f7fbaff0000 r--p 00000000 08:1a 261583                     /usr/lib/locale/locale-archive
7f7fbaff0000-7f7fbaff3000 ---p 00000000 00:00 0 
7f7fbaff3000-7f7fbb0f1000 rw-p 00000000 00:00 0 
7f7fbb0f1000-7f7fbb0f4000 ---p 00000000 00:00 0 
7f7fbb0f4000-7f7fbb1f2000 rw-p 00000000 00:00 0 
7f7fbb1f2000-7f7fbb1f3000 ---p 00000000 00:00 0 
7f7fbb1f3000-7f7fbc000000 rw-p 00000000 00:00 0 
7f7fbc000000-7f7fbc021000 rw-p 00000000 00:00 0 
7f7fbc021000-7f7fc0000000 ---p 00000000 00:00 0 
7f7fc0001000-7f7fc001c000 r--s 00394000 08:1a 273941                     /usr/lib/jvm/java-8-openjdk-amd64/jre/lib/ext/cldrdata.jar
7f7fc001c000-7f7fc4000000 rw-p 00000000 00:00 0 
7f7fc4000000-7f7fc4021000 rw-p 00000000 00:00 0 
7f7fc4021000-7f7fc8000000 ---p 00000000 00:00 0 
7f7fc8000000-7f7fc8021000 rw-p 00000000 00:00 0 
7f7fc8021000-7f7fcc000000 ---p 00000000 00:00 0 
7f7fcc000000-7f7fcc021000 rw-p 00000000 00:00 0 
7f7fcc021000-7f7fd0000000 ---p 00000000 00:00 0 
7f7fd0000000-7f7fd0003000 r--p 00000000 08:1a 788787                     /usr/share/locale/zh_CN/LC_MESSAGES/atk10.mo
7f7fd0003000-7f7fd0014000 r--s 0016f000 08:1b 139233                     /home/motian/program/project/crawler/jar/jfreechart-1.0.19.jar
7f7fd0014000-7f7fd0056000 rw-p 00000000 00:00 0 
7f7fd0056000-7f7fd0224000 r--s 03c06000 08:1a 274191                     /usr/lib/jvm/java-8-openjdk-amd64/jre/lib/rt.jar
7f7fd0224000-7f7fd0dfe000 rw-p 00000000 00:00 0 
7f7fd0dfe000-7f7fd0dff000 ---p 00000000 00:00 0 
7f7fd0dff000-7f7fd0eff000 rw-p 00000000 00:00 0 
7f7fd0eff000-7f7fd0f00000 ---p 00000000 00:00 0 
7f7fd0f00000-7f7fd1000000 rw-p 00000000 00:00 0 
7f7fd1000000-7f7fd1450000 rwxp 00000000 00:00 0 
7f7fd1450000-7f7fe0000000 ---p 00000000 00:00 0 
7f7fe0000000-7f7fe0626000 rw-p 00000000 00:00 0 
7f7fe0626000-7f7fe4000000 ---p 00000000 00:00 0 
7f7fe4002000-7f7fe401d000 r--s 001d6000 08:1a 273946                     /usr/lib/jvm/java-8-openjdk-amd64/jre/lib/ext/nashorn.jar
7f7fe401d000-7f7fe40e0000 rw-p 00000000 00:00 0 
7f7fe40e0000-7f7fe40e1000 ---p 00000000 00:00 0 
7f7fe40e1000-7f7fe41e1000 rw-p 00000000 00:00 0 
7f7fe41e1000-7f7fe41e2000 ---p 00000000 00:00 0 
7f7fe41e2000-7f7fe430c000 rw-p 00000000 00:00 0 
7f7fe430c000-7f7fe4574000 ---p 00000000 00:00 0 
7f7fe4574000-7f7fe459e000 rw-p 00000000 00:00 0 
7f7fe459e000-7f7fe4805000 ---p 00000000 00:00 0 
7f7fe4805000-7f7fe481a000 rw-p 00000000 00:00 0 
7f7fe481a000-7f7fe494e000 ---p 00000000 00:00 0 
7f7fe494e000-7f7fe4961000 rw-p 00000000 00:00 0 
7f7fe4961000-7f7fe4d0f000 ---p 00000000 00:00 0 
7f7fe4d0f000-7f7fe4d17000 r-xp 00000000 08:1a 273930                     /usr/lib/jvm/java-8-openjdk-amd64/jre/lib/amd64/libzip.so
7f7fe4d17000-7f7fe4f16000 ---p 00008000 08:1a 273930                     /usr/lib/jvm/java-8-openjdk-amd64/jre/lib/amd64/libzip.so
7f7fe4f16000-7f7fe4f17000 r--p 00007000 08:1a 273930                     /usr/lib/jvm/java-8-openjdk-amd64/jre/lib/amd64/libzip.so
7f7fe4f17000-7f7fe4f18000 rw-p 00008000 08:1a 273930                     /usr/lib/jvm/java-8-openjdk-amd64/jre/lib/amd64/libzip.so
7f7fe4f18000-7f7fe4f22000 r-xp 00000000 08:18 1312876                    /lib/x86_64-linux-gnu/libnss_files-2.24.so
7f7fe4f22000-7f7fe5122000 ---p 0000a000 08:18 1312876                    /lib/x86_64-linux-gnu/libnss_files-2.24.so
7f7fe5122000-7f7fe5123000 r--p 0000a000 08:18 1312876                    /lib/x86_64-linux-gnu/libnss_files-2.24.so
7f7fe5123000-7f7fe5124000 rw-p 0000b000 08:18 1312876                    /lib/x86_64-linux-gnu/libnss_files-2.24.so
7f7fe5124000-7f7fe512a000 rw-p 00000000 00:00 0 
7f7fe512a000-7f7fe5135000 r-xp 00000000 08:18 1312926                    /lib/x86_64-linux-gnu/libnss_nis-2.24.so
7f7fe5135000-7f7fe5334000 ---p 0000b000 08:18 1312926                    /lib/x86_64-linux-gnu/libnss_nis-2.24.so
7f7fe5334000-7f7fe5335000 r--p 0000a000 08:18 1312926                    /lib/x86_64-linux-gnu/libnss_nis-2.24.so
7f7fe5335000-7f7fe5336000 rw-p 0000b000 08:18 1312926                    /lib/x86_64-linux-gnu/libnss_nis-2.24.so
7f7fe5336000-7f7fe534a000 r-xp 00000000 08:18 1312837                    /lib/x86_64-linux-gnu/libnsl-2.24.so
7f7fe534a000-7f7fe554a000 ---p 00014000 08:18 1312837                    /lib/x86_64-linux-gnu/libnsl-2.24.so
7f7fe554a000-7f7fe554b000 r--p 00014000 08:18 1312837                    /lib/x86_64-linux-gnu/libnsl-2.24.so
7f7fe554b000-7f7fe554c000 rw-p 00015000 08:18 1312837                    /lib/x86_64-linux-gnu/libnsl-2.24.so
7f7fe554c000-7f7fe554e000 rw-p 00000000 00:00 0 
7f7fe554e000-7f7fe5555000 r-xp 00000000 08:18 1312855                    /lib/x86_64-linux-gnu/libnss_compat-2.24.so
7f7fe5555000-7f7fe5754000 ---p 00007000 08:18 1312855                    /lib/x86_64-linux-gnu/libnss_compat-2.24.so
7f7fe5754000-7f7fe5755000 r--p 00006000 08:18 1312855                    /lib/x86_64-linux-gnu/libnss_compat-2.24.so
7f7fe5755000-7f7fe5756000 rw-p 00007000 08:18 1312855                    /lib/x86_64-linux-gnu/libnss_compat-2.24.so
7f7fe5756000-7f7fe5783000 r-xp 00000000 08:1a 273911                     /usr/lib/jvm/java-8-openjdk-amd64/jre/lib/amd64/libjava.so
7f7fe5783000-7f7fe5982000 ---p 0002d000 08:1a 273911                     /usr/lib/jvm/java-8-openjdk-amd64/jre/lib/amd64/libjava.so
7f7fe5982000-7f7fe5983000 r--p 0002c000 08:1a 273911                     /usr/lib/jvm/java-8-openjdk-amd64/jre/lib/amd64/libjava.so
7f7fe5983000-7f7fe5985000 rw-p 0002d000 08:1a 273911                     /usr/lib/jvm/java-8-openjdk-amd64/jre/lib/amd64/libjava.so
7f7fe5985000-7f7fe5994000 r-xp 00000000 08:1a 273929                     /usr/lib/jvm/java-8-openjdk-amd64/jre/lib/amd64/libverify.so
7f7fe5994000-7f7fe5b93000 ---p 0000f000 08:1a 273929                     /usr/lib/jvm/java-8-openjdk-amd64/jre/lib/amd64/libverify.so
7f7fe5b93000-7f7fe5b95000 r--p 0000e000 08:1a 273929                     /usr/lib/jvm/java-8-openjdk-amd64/jre/lib/amd64/libverify.so
7f7fe5b95000-7f7fe5b96000 rw-p 00010000 08:1a 273929                     /usr/lib/jvm/java-8-openjdk-amd64/jre/lib/amd64/libverify.so
7f7fe5b96000-7f7fe5b9d000 r-xp 00000000 08:18 1312963                    /lib/x86_64-linux-gnu/librt-2.24.so
7f7fe5b9d000-7f7fe5d9c000 ---p 00007000 08:18 1312963                    /lib/x86_64-linux-gnu/librt-2.24.so
7f7fe5d9c000-7f7fe5d9d000 r--p 00006000 08:18 1312963                    /lib/x86_64-linux-gnu/librt-2.24.so
7f7fe5d9d000-7f7fe5d9e000 rw-p 00007000 08:18 1312963                    /lib/x86_64-linux-gnu/librt-2.24.so
7f7fe5d9e000-7f7fe5db4000 r-xp 00000000 08:18 1312359                    /lib/x86_64-linux-gnu/libgcc_s.so.1
7f7fe5db4000-7f7fe5fb3000 ---p 00016000 08:18 1312359                    /lib/x86_64-linux-gnu/libgcc_s.so.1
7f7fe5fb3000-7f7fe5fb4000 r--p 00015000 08:18 1312359                    /lib/x86_64-linux-gnu/libgcc_s.so.1
7f7fe5fb4000-7f7fe5fb5000 rw-p 00016000 08:18 1312359                    /lib/x86_64-linux-gnu/libgcc_s.so.1
7f7fe5fb5000-7f7fe60b8000 r-xp 00000000 08:18 1309097                    /lib/x86_64-linux-gnu/libm-2.24.so
7f7fe60b8000-7f7fe62b7000 ---p 00103000 08:18 1309097                    /lib/x86_64-linux-gnu/libm-2.24.so
7f7fe62b7000-7f7fe62b8000 r--p 00102000 08:18 1309097                    /lib/x86_64-linux-gnu/libm-2.24.so
7f7fe62b8000-7f7fe62b9000 rw-p 00103000 08:18 1309097                    /lib/x86_64-linux-gnu/libm-2.24.so
7f7fe62b9000-7f7fe642b000 r-xp 00000000 08:1a 261922                     /usr/lib/x86_64-linux-gnu/libstdc++.so.6.0.22
7f7fe642b000-7f7fe662b000 ---p 00172000 08:1a 261922                     /usr/lib/x86_64-linux-gnu/libstdc++.so.6.0.22
7f7fe662b000-7f7fe6635000 r--p 00172000 08:1a 261922                     /usr/lib/x86_64-linux-gnu/libstdc++.so.6.0.22
7f7fe6635000-7f7fe6637000 rw-p 0017c000 08:1a 261922                     /usr/lib/x86_64-linux-gnu/libstdc++.so.6.0.22
7f7fe6637000-7f7fe663b000 rw-p 00000000 00:00 0 
7f7fe663b000-7f7fe7290000 r-xp 00000000 08:1a 273932                     /usr/lib/jvm/java-8-openjdk-amd64/jre/lib/amd64/server/libjvm.so
7f7fe7290000-7f7fe7490000 ---p 00c55000 08:1a 273932                     /usr/lib/jvm/java-8-openjdk-amd64/jre/lib/amd64/server/libjvm.so
7f7fe7490000-7f7fe7523000 r--p 00c55000 08:1a 273932                     /usr/lib/jvm/java-8-openjdk-amd64/jre/lib/amd64/server/libjvm.so
7f7fe7523000-7f7fe754c000 rw-p 00ce8000 08:1a 273932                     /usr/lib/jvm/java-8-openjdk-amd64/jre/lib/amd64/server/libjvm.so
7f7fe754c000-7f7fe757c000 rw-p 00000000 00:00 0 
7f7fe757c000-7f7fe7711000 r-xp 00000000 08:18 1309075                    /lib/x86_64-linux-gnu/libc-2.24.so
7f7fe7711000-7f7fe7910000 ---p 00195000 08:18 1309075                    /lib/x86_64-linux-gnu/libc-2.24.so
7f7fe7910000-7f7fe7914000 r--p 00194000 08:18 1309075                    /lib/x86_64-linux-gnu/libc-2.24.so
7f7fe7914000-7f7fe7916000 rw-p 00198000 08:18 1309075                    /lib/x86_64-linux-gnu/libc-2.24.so
7f7fe7916000-7f7fe791a000 rw-p 00000000 00:00 0 
7f7fe791a000-7f7fe791c000 r-xp 00000000 08:18 1309095                    /lib/x86_64-linux-gnu/libdl-2.24.so
7f7fe791c000-7f7fe7b1c000 ---p 00002000 08:18 1309095                    /lib/x86_64-linux-gnu/libdl-2.24.so
7f7fe7b1c000-7f7fe7b1d000 r--p 00002000 08:18 1309095                    /lib/x86_64-linux-gnu/libdl-2.24.so
7f7fe7b1d000-7f7fe7b1e000 rw-p 00003000 08:18 1309095                    /lib/x86_64-linux-gnu/libdl-2.24.so
7f7fe7b1e000-7f7fe7b2b000 r-xp 00000000 08:1a 273897                     /usr/lib/jvm/java-8-openjdk-amd64/jre/lib/amd64/jli/libjli.so
7f7fe7b2b000-7f7fe7d2b000 ---p 0000d000 08:1a 273897                     /usr/lib/jvm/java-8-openjdk-amd64/jre/lib/amd64/jli/libjli.so
7f7fe7d2b000-7f7fe7d2c000 r--p 0000d000 08:1a 273897                     /usr/lib/jvm/java-8-openjdk-amd64/jre/lib/amd64/jli/libjli.so
7f7fe7d2c000-7f7fe7d2d000 rw-p 0000e000 08:1a 273897                     /usr/lib/jvm/java-8-openjdk-amd64/jre/lib/amd64/jli/libjli.so
7f7fe7d2d000-7f7fe7d46000 r-xp 00000000 08:18 1309039                    /lib/x86_64-linux-gnu/libz.so.1.2.8
7f7fe7d46000-7f7fe7f45000 ---p 00019000 08:18 1309039                    /lib/x86_64-linux-gnu/libz.so.1.2.8
7f7fe7f45000-7f7fe7f46000 r--p 00018000 08:18 1309039                    /lib/x86_64-linux-gnu/libz.so.1.2.8
7f7fe7f46000-7f7fe7f47000 rw-p 00019000 08:18 1309039                    /lib/x86_64-linux-gnu/libz.so.1.2.8
7f7fe7f47000-7f7fe7f5f000 r-xp 00000000 08:18 1312944                    /lib/x86_64-linux-gnu/libpthread-2.24.so
7f7fe7f5f000-7f7fe815e000 ---p 00018000 08:18 1312944                    /lib/x86_64-linux-gnu/libpthread-2.24.so
7f7fe815e000-7f7fe815f000 r--p 00017000 08:18 1312944                    /lib/x86_64-linux-gnu/libpthread-2.24.so
7f7fe815f000-7f7fe8160000 rw-p 00018000 08:18 1312944                    /lib/x86_64-linux-gnu/libpthread-2.24.so
7f7fe8160000-7f7fe8164000 rw-p 00000000 00:00 0 
7f7fe8164000-7f7fe8187000 r-xp 00000000 08:18 1309065                    /lib/x86_64-linux-gnu/ld-2.24.so
7f7fe8189000-7f7fe818e000 r--s 002f9000 08:1a 273933                     /usr/lib/jvm/java-8-openjdk-amd64/jre/lib/charsets.jar
7f7fe818e000-7f7fe8191000 r--s 0000f000 08:1a 273943                     /usr/lib/jvm/java-8-openjdk-amd64/jre/lib/ext/icedtea-sound.jar
7f7fe8191000-7f7fe8195000 r--s 00037000 08:1a 273949                     /usr/lib/jvm/java-8-openjdk-amd64/jre/lib/ext/sunpkcs11.jar
7f7fe8195000-7f7fe8197000 r--s 00001000 08:1a 273942                     /usr/lib/jvm/java-8-openjdk-amd64/jre/lib/ext/dnsns.jar
7f7fe8197000-7f7fe8262000 rw-p 00000000 00:00 0 
7f7fe8262000-7f7fe8265000 ---p 00000000 00:00 0 
7f7fe8265000-7f7fe8365000 rw-p 00000000 00:00 0 
7f7fe8365000-7f7fe8366000 r--s 0000a000 08:1a 273944                     /usr/lib/jvm/java-8-openjdk-amd64/jre/lib/ext/jaccess.jar
7f7fe8366000-7f7fe8368000 r--s 00007000 08:1a 132619                     /usr/share/java/java-atk-wrapper.jar
7f7fe8368000-7f7fe836a000 r--s 00008000 08:1a 273947                     /usr/lib/jvm/java-8-openjdk-amd64/jre/lib/ext/sunec.jar
7f7fe836a000-7f7fe836f000 r--s 0003b000 08:1a 273948                     /usr/lib/jvm/java-8-openjdk-amd64/jre/lib/ext/sunjce_provider.jar
7f7fe836f000-7f7fe8379000 r--s 00116000 08:1a 273945                     /usr/lib/jvm/java-8-openjdk-amd64/jre/lib/ext/localedata.jar
7f7fe8379000-7f7fe837a000 r--s 00010000 08:1a 273950                     /usr/lib/jvm/java-8-openjdk-amd64/jre/lib/ext/zipfs.jar
7f7fe837a000-7f7fe8382000 rw-s 00000000 08:18 393993                     /tmp/hsperfdata_motian/10721
7f7fe8382000-7f7fe8383000 rw-p 00000000 00:00 0 
7f7fe8383000-7f7fe8384000 r--p 00000000 00:00 0 
7f7fe8384000-7f7fe8387000 rw-p 00000000 00:00 0 
7f7fe8387000-7f7fe8388000 r--p 00023000 08:18 1309065                    /lib/x86_64-linux-gnu/ld-2.24.so
7f7fe8388000-7f7fe8389000 rw-p 00024000 08:18 1309065                    /lib/x86_64-linux-gnu/ld-2.24.so
7f7fe8389000-7f7fe838a000 rw-p 00000000 00:00 0 
7ffc7b8cc000-7ffc7b8ed000 rw-p 00000000 00:00 0                          [stack]
7ffc7b913000-7ffc7b915000 r--p 00000000 00:00 0                          [vvar]
7ffc7b915000-7ffc7b917000 r-xp 00000000 00:00 0                          [vdso]
ffffffffff600000-ffffffffff601000 r-xp 00000000 00:00 0                  [vsyscall]

VM Arguments:
jvm_args: -Dfile.encoding=UTF-8 -Dawt.useSystemAAFontSettings=gasp 
java_command: team.qep.crawler.view.UI2
java_class_path (initial): /home/motian/program/project/crawler/bin:/home/motian/program/project/crawler/jar/jfreechart-1.0.19.jar:/home/motian/program/project/crawler/jar/jcommon-1.0.23.jar:/home/motian/program/project/crawler/jar/gson-2.3.1.jar
Launcher Type: SUN_STANDARD

Environment Variables:
_JAVA_OPTIONS=  -Dawt.useSystemAAFontSettings=gasp
PATH=/usr/local/bin:/usr/bin:/bin:/usr/local/games:/usr/games
SHELL=/bin/zsh
DISPLAY=:0

Signal Handlers:
SIGSEGV: [libjvm.so+0xa6c7e0], sa_mask[0]=11111111011111111101111111111110, sa_flags=SA_RESTART|SA_SIGINFO
SIGBUS: [libjvm.so+0xa6c7e0], sa_mask[0]=11111111011111111101111111111110, sa_flags=SA_RESTART|SA_SIGINFO
SIGFPE: [libjvm.so+0x8b64a0], sa_mask[0]=11111111011111111101111111111110, sa_flags=SA_RESTART|SA_SIGINFO
SIGPIPE: [libjvm.so+0x8b64a0], sa_mask[0]=11111111011111111101111111111110, sa_flags=SA_RESTART|SA_SIGINFO
SIGXFSZ: [libjvm.so+0x8b64a0], sa_mask[0]=11111111011111111101111111111110, sa_flags=SA_RESTART|SA_SIGINFO
SIGILL: [libjvm.so+0x8b64a0], sa_mask[0]=11111111011111111101111111111110, sa_flags=SA_RESTART|SA_SIGINFO
SIGUSR1: SIG_DFL, sa_mask[0]=00000000000000000000000000000000, sa_flags=none
SIGUSR2: [libjvm.so+0x8b6350], sa_mask[0]=00100000000000000000000000000000, sa_flags=SA_RESTART|SA_SIGINFO
SIGHUP: SIG_IGN, sa_mask[0]=00000000000000000000000000000000, sa_flags=none
SIGINT: [libjvm.so+0x8b6800], sa_mask[0]=11111111011111111101111111111110, sa_flags=SA_RESTART|SA_SIGINFO
SIGTERM: [libjvm.so+0x8b6800], sa_mask[0]=11111111011111111101111111111110, sa_flags=SA_RESTART|SA_SIGINFO
SIGQUIT: [libjvm.so+0x8b6800], sa_mask[0]=11111111011111111101111111111110, sa_flags=SA_RESTART|SA_SIGINFO


---------------  S Y S T E M  ---------------

OS:DISTRIB_ID=Deepin
DISTRIB_RELEASE=15.4.1
DISTRIB_DESCRIPTION="Deepin 15.4.1 "
DISTRIB_CODENAME=unstable

uname:Linux 4.9.0-deepin9-amd64 #1 SMP PREEMPT Deepin 4.9.29-4 (2017-07-17) x86_64
libc:glibc 2.24 NPTL 2.24 
rlimit: STACK 8192k, CORE 0k, NPROC 30458, NOFILE 1048576, AS infinity
load average:0.82 0.61 0.52

/proc/meminfo:
MemTotal:        8070852 kB
MemFree:         2909736 kB
MemAvailable:    5429496 kB
Buffers:          248204 kB
Cached:          2729040 kB
SwapCached:            0 kB
Active:          3535020 kB
Inactive:        1261784 kB
Active(anon):    1818676 kB
Inactive(anon):   314928 kB
Active(file):    1716344 kB
Inactive(file):   946856 kB
Unevictable:         124 kB
Mlocked:             124 kB
SwapTotal:       2047996 kB
SwapFree:        2047996 kB
Dirty:              2208 kB
Writeback:          7936 kB
AnonPages:       1740820 kB
Mapped:           771128 kB
Shmem:            313896 kB
Slab:             222012 kB
SReclaimable:     164560 kB
SUnreclaim:        57452 kB
KernelStack:        7032 kB
PageTables:        42136 kB
NFS_Unstable:          0 kB
Bounce:                0 kB
WritebackTmp:          0 kB
CommitLimit:     6083420 kB
Committed_AS:    7316980 kB
VmallocTotal:   34359738367 kB
VmallocUsed:           0 kB
VmallocChunk:          0 kB
HardwareCorrupted:     0 kB
AnonHugePages:      2048 kB
ShmemHugePages:        0 kB
ShmemPmdMapped:        0 kB
HugePages_Total:       0
HugePages_Free:        0
HugePages_Rsvd:        0
HugePages_Surp:        0
Hugepagesize:       2048 kB
DirectMap4k:      229700 kB
DirectMap2M:     8050688 kB
DirectMap1G:     1048576 kB


CPU:total 4 (2 cores per cpu, 2 threads per core) family 6 model 78 stepping 3, cmov, cx8, fxsr, mmx, sse, sse2, sse3, ssse3, sse4.1, sse4.2, popcnt, avx, avx2, aes, clmul, erms, 3dnowpref, lzcnt, ht, tsc, tscinvbit, bmi1, bmi2, adx

/proc/cpuinfo:
processor	: 0
vendor_id	: GenuineIntel
cpu family	: 6
model		: 78
model name	: Intel(R) Core(TM) i7-6500U CPU @ 2.50GHz
stepping	: 3
microcode	: 0x5e
cpu MHz		: 2601.000
cache size	: 4096 KB
physical id	: 0
siblings	: 4
core id		: 0
cpu cores	: 2
apicid		: 0
initial apicid	: 0
fpu		: yes
fpu_exception	: yes
cpuid level	: 22
wp		: yes
flags		: fpu vme de pse tsc msr pae mce cx8 apic sep mtrr pge mca cmov pat pse36 clflush dts acpi mmx fxsr sse sse2 ss ht tm pbe syscall nx pdpe1gb rdtscp lm constant_tsc art arch_perfmon pebs bts rep_good nopl xtopology nonstop_tsc aperfmperf eagerfpu pni pclmulqdq dtes64 monitor ds_cpl vmx est tm2 ssse3 sdbg fma cx16 xtpr pdcm pcid sse4_1 sse4_2 x2apic movbe popcnt tsc_deadline_timer aes xsave avx f16c rdrand lahf_lm abm 3dnowprefetch epb intel_pt tpr_shadow vnmi flexpriority ept vpid fsgsbase tsc_adjust bmi1 avx2 smep bmi2 erms invpcid mpx rdseed adx smap clflushopt xsaveopt xsavec xgetbv1 xsaves dtherm ida arat pln pts hwp hwp_notify hwp_act_window hwp_epp
bugs		:
bogomips	: 5184.00
clflush size	: 64
cache_alignment	: 64
address sizes	: 39 bits physical, 48 bits virtual
power management:

processor	: 1
vendor_id	: GenuineIntel
cpu family	: 6
model		: 78
model name	: Intel(R) Core(TM) i7-6500U CPU @ 2.50GHz
stepping	: 3
microcode	: 0x5e
cpu MHz		: 2601.000
cache size	: 4096 KB
physical id	: 0
siblings	: 4
core id		: 1
cpu cores	: 2
apicid		: 2
initial apicid	: 2
fpu		: yes
fpu_exception	: yes
cpuid level	: 22
wp		: yes
flags		: fpu vme de pse tsc msr pae mce cx8 apic sep mtrr pge mca cmov pat pse36 clflush dts acpi mmx fxsr sse sse2 ss ht tm pbe syscall nx pdpe1gb rdtscp lm constant_tsc art arch_perfmon pebs bts rep_good nopl xtopology nonstop_tsc aperfmperf eagerfpu pni pclmulqdq dtes64 monitor ds_cpl vmx est tm2 ssse3 sdbg fma cx16 xtpr pdcm pcid sse4_1 sse4_2 x2apic movbe popcnt tsc_deadline_timer aes xsave avx f16c rdrand lahf_lm abm 3dnowprefetch epb intel_pt tpr_shadow vnmi flexpriority ept vpid fsgsbase tsc_adjust bmi1 avx2 smep bmi2 erms invpcid mpx rdseed adx smap clflushopt xsaveopt xsavec xgetbv1 xsaves dtherm ida arat pln pts hwp hwp_notify hwp_act_window hwp_epp
bugs		:
bogomips	: 5184.00
clflush size	: 64
cache_alignment	: 64
address sizes	: 39 bits physical, 48 bits virtual
power management:

processor	: 2
vendor_id	: GenuineIntel
cpu family	: 6
model		: 78
model name	: Intel(R) Core(TM) i7-6500U CPU @ 2.50GHz
stepping	: 3
microcode	: 0x5e
cpu MHz		: 2601.000
cache size	: 4096 KB
physical id	: 0
siblings	: 4
core id		: 0
cpu cores	: 2
apicid		: 1
initial apicid	: 1
fpu		: yes
fpu_exception	: yes
cpuid level	: 22
wp		: yes
flags		: fpu vme de pse tsc msr pae mce cx8 apic sep mtrr pge mca cmov pat pse36 clflush dts acpi mmx fxsr sse sse2 ss ht tm pbe syscall nx pdpe1gb rdtscp lm constant_tsc art arch_perfmon pebs bts rep_good nopl xtopology nonstop_tsc aperfmperf eagerfpu pni pclmulqdq dtes64 monitor ds_cpl vmx est tm2 ssse3 sdbg fma cx16 xtpr pdcm pcid sse4_1 sse4_2 x2apic movbe popcnt tsc_deadline_timer aes xsave avx f16c rdrand lahf_lm abm 3dnowprefetch epb intel_pt tpr_shadow vnmi flexpriority ept vpid fsgsbase tsc_adjust bmi1 avx2 smep bmi2 erms invpcid mpx rdseed adx smap clflushopt xsaveopt xsavec xgetbv1 xsaves dtherm ida arat pln pts hwp hwp_notify hwp_act_window hwp_epp
bugs		:
bogomips	: 5184.00
clflush size	: 64
cache_alignment	: 64
address sizes	: 39 bits physical, 48 bits virtual
power management:

processor	: 3
vendor_id	: GenuineIntel
cpu family	: 6
model		: 78
model name	: Intel(R) Core(TM) i7-6500U CPU @ 2.50GHz
stepping	: 3
microcode	: 0x5e
cpu MHz		: 2601.000
cache size	: 4096 KB
physical id	: 0
siblings	: 4
core id		: 1
cpu cores	: 2
apicid		: 3
initial apicid	: 3
fpu		: yes
fpu_exception	: yes
cpuid level	: 22
wp		: yes
flags		: fpu vme de pse tsc msr pae mce cx8 apic sep mtrr pge mca cmov pat pse36 clflush dts acpi mmx fxsr sse sse2 ss ht tm pbe syscall nx pdpe1gb rdtscp lm constant_tsc art arch_perfmon pebs bts rep_good nopl xtopology nonstop_tsc aperfmperf eagerfpu pni pclmulqdq dtes64 monitor ds_cpl vmx est tm2 ssse3 sdbg fma cx16 xtpr pdcm pcid sse4_1 sse4_2 x2apic movbe popcnt tsc_deadline_timer aes xsave avx f16c rdrand lahf_lm abm 3dnowprefetch epb intel_pt tpr_shadow vnmi flexpriority ept vpid fsgsbase tsc_adjust bmi1 avx2 smep bmi2 erms invpcid mpx rdseed adx smap clflushopt xsaveopt xsavec xgetbv1 xsaves dtherm ida arat pln pts hwp hwp_notify hwp_act_window hwp_epp
bugs		:
bogomips	: 5184.00
clflush size	: 64
cache_alignment	: 64
address sizes	: 39 bits physical, 48 bits virtual
power management:



Memory: 4k page, physical 8070852k(2915880k free), swap 2047996k(2047996k free)

vm_info: OpenJDK 64-Bit Server VM (25.121-b13) for linux-amd64 JRE (1.8.0_121-8u121-b13-4-b13), built on Mar  3 2017 17:46:54 by "buildd" with gcc 6.3.0 20170221

time: Mon Aug  7 21:50:35 2017
elapsed time: 28879 seconds (0d 8h 1m 19s)

